Working in /Users/musatkd/dev/aws-crt-builder
Host Environment:
  Host: macos x64
  Target: macos x64
  Compiler: default (version: 13) /usr/bin/clang
  Available Compilers: 
  Available Projects: 
Found branches: ['main', 'remotes/origin/HEAD -> origin/main', 'remotes/origin/main']
Working in branch: main
Project aws-crt-java could not be found locally, downloading
Cloning aws-crt-java: https://github.com/awslabs/aws-crt-java.git from git
> git clone https://github.com/awslabs/aws-crt-java.git /Users/musatkd/dev/aws-crt-builder/aws-crt-java
Cloning into '/Users/musatkd/dev/aws-crt-builder/aws-crt-java'...
> pushd /Users/musatkd/dev/aws-crt-builder/aws-crt-java
Switched to branch main
> git submodule update --init --recursive
Submodule 'aws-common-runtime/aws-c-auth' (https://github.com/awslabs/aws-c-auth.git) registered for path 'crt/aws-c-auth'
Submodule 'aws-common-runtime/aws-c-cal' (https://github.com/awslabs/aws-c-cal.git) registered for path 'crt/aws-c-cal'
Submodule 'aws-common-runtime/aws-c-common' (https://github.com/awslabs/aws-c-common.git) registered for path 'crt/aws-c-common'
Submodule 'aws-common-runtime/aws-c-compression' (https://github.com/awslabs/aws-c-compression.git) registered for path 'crt/aws-c-compression'
Submodule 'crt/aws-c-event-stream' (https://github.com/awslabs/aws-c-event-stream.git) registered for path 'crt/aws-c-event-stream'
Submodule 'aws-common-runtime/aws-c-http' (https://github.com/awslabs/aws-c-http.git) registered for path 'crt/aws-c-http'
Submodule 'aws-common-runtime/aws-c-io' (https://github.com/awslabs/aws-c-io.git) registered for path 'crt/aws-c-io'
Submodule 'aws-common-runtime/aws-c-mqtt' (https://github.com/awslabs/aws-c-mqtt.git) registered for path 'crt/aws-c-mqtt'
Submodule 'crt/aws-c-s3' (https://github.com/awslabs/aws-c-s3.git) registered for path 'crt/aws-c-s3'
Submodule 'crt/aws-c-sdkutils' (https://github.com/awslabs/aws-c-sdkutils.git) registered for path 'crt/aws-c-sdkutils'
Submodule 'crt/aws-checksums' (https://github.com/awslabs/aws-checksums.git) registered for path 'crt/aws-checksums'
Submodule 'aws-lc' (https://github.com/awslabs/aws-lc.git) registered for path 'crt/aws-lc'
Submodule 'aws-common-runtime/s2n' (https://github.com/awslabs/s2n.git) registered for path 'crt/s2n'
Cloning into '/Users/musatkd/dev/aws-crt-builder/aws-crt-java/crt/aws-c-auth'...
Cloning into '/Users/musatkd/dev/aws-crt-builder/aws-crt-java/crt/aws-c-cal'...
Cloning into '/Users/musatkd/dev/aws-crt-builder/aws-crt-java/crt/aws-c-common'...
Cloning into '/Users/musatkd/dev/aws-crt-builder/aws-crt-java/crt/aws-c-compression'...
Cloning into '/Users/musatkd/dev/aws-crt-builder/aws-crt-java/crt/aws-c-event-stream'...
Cloning into '/Users/musatkd/dev/aws-crt-builder/aws-crt-java/crt/aws-c-http'...
Cloning into '/Users/musatkd/dev/aws-crt-builder/aws-crt-java/crt/aws-c-io'...
Cloning into '/Users/musatkd/dev/aws-crt-builder/aws-crt-java/crt/aws-c-mqtt'...
Cloning into '/Users/musatkd/dev/aws-crt-builder/aws-crt-java/crt/aws-c-s3'...
Cloning into '/Users/musatkd/dev/aws-crt-builder/aws-crt-java/crt/aws-c-sdkutils'...
Cloning into '/Users/musatkd/dev/aws-crt-builder/aws-crt-java/crt/aws-checksums'...
Cloning into '/Users/musatkd/dev/aws-crt-builder/aws-crt-java/crt/aws-lc'...
Cloning into '/Users/musatkd/dev/aws-crt-builder/aws-crt-java/crt/s2n'...
Submodule path 'crt/aws-c-auth': checked out '31d573c0dd328db5775f7a55650d27b8c08311ba'
Submodule path 'crt/aws-c-cal': checked out 'c4c5b175e05f2affe5e3f0203ca6c8bc5cdd8f51'
Submodule path 'crt/aws-c-common': checked out 'cba230815132f53206c501874e03a286765fb225'
Submodule 'litani' (https://github.com/awslabs/aws-build-accumulator) registered for path 'crt/aws-c-common/verification/cbmc/litani'
Submodule 'cbmc-templates' (https://github.com/awslabs/aws-templates-for-cbmc-proofs.git) registered for path 'crt/aws-c-common/verification/cbmc/templates'
Cloning into '/Users/musatkd/dev/aws-crt-builder/aws-crt-java/crt/aws-c-common/verification/cbmc/litani'...
Cloning into '/Users/musatkd/dev/aws-crt-builder/aws-crt-java/crt/aws-c-common/verification/cbmc/templates'...
Submodule path 'crt/aws-c-common/verification/cbmc/litani': checked out '8b4a4ffb330119c7f4d9abd5996313eccd2c4ab1'
Submodule path 'crt/aws-c-common/verification/cbmc/templates': checked out 'fdbf54250243dfa4c23db47e26fd059958387733'
Submodule path 'crt/aws-c-compression': checked out '5fab8bc5ab5321d86f6d153b06062419080820ec'
Submodule path 'crt/aws-c-event-stream': checked out 'e87537be561d753ec82e783bc0929b1979c585f8'
Submodule path 'crt/aws-c-http': checked out '0426a065b77e99ce8dbbe2e89f6e9fae35840728'
Submodule path 'crt/aws-c-io': checked out 'cb9dcea961701791ca3012c3eeea81864e08aebe'
Submodule path 'crt/aws-c-mqtt': checked out '6168e32bf9f745dec40df633b78baa03420b7f83'
Submodule path 'crt/aws-c-s3': checked out '76f49fbfa9deabd464842900744fad10a44314b4'
Submodule path 'crt/aws-c-sdkutils': checked out '399f5253c42c673091dca131bcf51f20f3de194c'
Submodule path 'crt/aws-checksums': checked out '41df3031b92120b6d8127b7b7122391d5ac6f33f'
Submodule path 'crt/aws-lc': checked out '7e7f06cae8df1c8d7d9b6c9452d17935097343de'
Submodule path 'crt/s2n': checked out 'ab9a3be5a8abcbc5bd7bdba662497a717737c838'
Submodule 'tests/cbmc/aws-verification-model-for-libcrypto' (https://github.com/awslabs/aws-verification-model-for-libcrypto.git) registered for path 'crt/s2n/tests/cbmc/aws-verification-model-for-libcrypto'
Submodule 'cbmc-templates' (https://github.com/awslabs/aws-templates-for-cbmc-proofs) registered for path 'crt/s2n/tests/cbmc/templates'
Submodule 'tests/litani' (https://github.com/awslabs/aws-build-accumulator) registered for path 'crt/s2n/tests/litani'
Cloning into '/Users/musatkd/dev/aws-crt-builder/aws-crt-java/crt/s2n/tests/cbmc/aws-verification-model-for-libcrypto'...
Cloning into '/Users/musatkd/dev/aws-crt-builder/aws-crt-java/crt/s2n/tests/cbmc/templates'...
Cloning into '/Users/musatkd/dev/aws-crt-builder/aws-crt-java/crt/s2n/tests/litani'...
Submodule path 'crt/s2n/tests/cbmc/aws-verification-model-for-libcrypto': checked out '42caa4790273b37cbdf303427b53f445ab1b3480'
Submodule path 'crt/s2n/tests/cbmc/templates': checked out 'cc3da9dd37d47abce6525128abe12dbb87891637'
Submodule path 'crt/s2n/tests/litani': checked out '53e35c3c1a359aa835899a0f6dae8ac59d2da090'
    Found project: aws-crt-java at /Users/musatkd/dev/aws-crt-builder/aws-crt-java
Loading scripts from /Users/musatkd/dev/aws-crt-builder/aws-crt-java/.builder
Importing /Users/musatkd/dev/aws-crt-builder/aws-crt-java/.builder/actions/pkcs11_test_setup.py
Importing /Users/musatkd/dev/aws-crt-builder/aws-crt-java/.builder/actions/aws_crt_java_test.py
Imported AWSCrtJavaTest, Pkcs11TestSetup
> popd /Users/musatkd/dev/aws-crt-builder
> cd /Users/musatkd/dev/aws-crt-builder/aws-crt-java
> export LD_LIBRARY_PATH=/Users/musatkd/dev/aws-crt-builder/aws-crt-java/target/cmake-build/install/lib64
> export LD_LIBRARY_PATH=/Users/musatkd/dev/aws-crt-builder/aws-crt-java/target/cmake-build/install/lib64:/Users/musatkd/dev/aws-crt-builder/aws-crt-java/target/cmake-build/install/lib
Root directory: /Users/musatkd/dev/aws-crt-builder/aws-crt-java
Build directory: /Users/musatkd/dev/aws-crt-builder/aws-crt-java/target/cmake-build
> mkdir -p /Users/musatkd/dev/aws-crt-builder/aws-crt-java/target/cmake-build
Loading scripts from /Users/musatkd/dev/aws-crt-builder/aws-crt-java/.builder
Importing /Users/musatkd/dev/aws-crt-builder/aws-crt-java/.builder/actions/pkcs11_test_setup.py
Importing /Users/musatkd/dev/aws-crt-builder/aws-crt-java/.builder/actions/aws_crt_java_test.py
Imported AWSCrtJavaTest, Pkcs11TestSetup
Using Spec:
  Host: macos x64
  Target: macos x64
  Compiler: default default
Running build macos-default-default-macos-x64
> pushenv
Running: main
Running: InstallCompiler
> export CC=/usr/bin/clang
> export CXX=/usr/bin/clang++
Finished: InstallCompiler
Running: InstallPackages
Installing packages via brew: maven
> brew install maven
Running `brew update --preinstall`...
==> Auto-updated Homebrew!
Updated 1 tap (homebrew/core).
==> Updated Formulae
Updated 124 formulae.

==> Downloading https://ghcr.io/v2/homebrew/core/openjdk/manifests/17.0.1_1
==> Downloading https://ghcr.io/v2/homebrew/core/openjdk/blobs/sha256:ae00dfa7d574f2692052739b31a0886a88093583333f3997ec8b2ade4ec1919a
==> Downloading from https://pkg-containers.githubusercontent.com/ghcr1/blobs/sha256:ae00dfa7d574f2692052739b31a0886a88093583333f3997ec8b2ade4ec1919a?se=2021-12-21T07%3A05%3A00Z&sig=8xfy2GsjhhLpnyrRryRuNTz9sDz2A%2FmqRKc136qNSxA%3D&sp=r&spr=https&sr=b&sv=2019-12-12
==> Downloading https://ghcr.io/v2/homebrew/core/maven/manifests/3.8.4
==> Downloading https://ghcr.io/v2/homebrew/core/maven/blobs/sha256:6e032d44f0fef2a59373945e95b7f7522e4dc95069498b54fe9075d065883b5d
==> Downloading from https://pkg-containers.githubusercontent.com/ghcr1/blobs/sha256:6e032d44f0fef2a59373945e95b7f7522e4dc95069498b54fe9075d065883b5d?se=2021-12-21T07%3A05%3A00Z&sig=%2FLWvTzZz5UkplLwSlHAQDkESG8UhebPtrH2Nzo94tbg%3D&sp=r&spr=https&sr=b&sv=2019-12-12
==> Installing dependencies for maven: openjdk
==> Installing maven dependency: openjdk
==> Pouring openjdk--17.0.1_1.arm64_big_sur.bottle.tar.gz
  /opt/homebrew/Cellar/openjdk/17.0.1_1: 640 files, 306.2MB
==> Installing maven
==> Pouring maven--3.8.4.arm64_big_sur.bottle.tar.gz
  /opt/homebrew/Cellar/maven/3.8.4: 79 files, 10MB
==> Running `brew cleanup maven`...
Disable this behaviour by setting HOMEBREW_NO_INSTALL_CLEANUP.
Hide these hints with HOMEBREW_NO_ENV_HINTS (see `man brew`).
Finished: InstallPackages
Running: DownloadDependencies
Finished: DownloadDependencies
Running: run_build aws-crt-java
Installing pre-built JDK binaries for macos-x64 to /Users/musatkd/dev/aws-crt-builder/aws-crt-java/target/cmake-build/deps/jdk8
> mkdir -p /Users/musatkd/dev/aws-crt-builder/aws-crt-java/target/cmake-build/deps/jdk8
Downloading https://github.com/AdoptOpenJDK/openjdk8-binaries/releases/download/jdk8u242-b08/OpenJDK8U-jdk_x64_mac_hotspot_8u242b08.tar.gz
Creating package cache at /Users/musatkd/.builder/pkg-cache
Downloading https://github.com/AdoptOpenJDK/openjdk8-binaries/releases/download/jdk8u242-b08/OpenJDK8U-jdk_x64_mac_hotspot_8u242b08.tar.gz to /Users/musatkd/dev/aws-crt-builder/aws-crt-java/target/cmake-build/deps/jdk8/jdk8.tar.gz
Cached /Users/musatkd/dev/aws-crt-builder/aws-crt-java/target/cmake-build/deps/jdk8/jdk8.tar.gz to /Users/musatkd/.builder/pkg-cache/06675b7d65bce0313ee1f2e888dd44267e8afeced75e0b39b5ad1f5fdff54e0b
Extracting /Users/musatkd/dev/aws-crt-builder/aws-crt-java/target/cmake-build/deps/jdk8/jdk8.tar.gz to /Users/musatkd/dev/aws-crt-builder/aws-crt-java/target/cmake-build/deps/jdk8
Running: build project aws-crt-java
> pushd /Users/musatkd/dev/aws-crt-builder/aws-crt-java
> pushenv
> export JAVA_HOME=/Users/musatkd/dev/aws-crt-builder/aws-crt-java/target/cmake-build/deps/jdk8/jdk8u242-b08/Contents/Home
> mvn -P continuous-integration -B compile
[INFO] Scanning for projects...
[INFO] 
[INFO] -----------------< software.amazon.awssdk.crt:aws-crt >-----------------
[INFO] Building software.amazon.awssdk.crt:aws-crt 1.0.0-SNAPSHOT
[INFO] --------------------------------[ jar ]---------------------------------
[INFO] Downloading from central: https://repo.maven.apache.org/maven2/org/apache/maven/plugins/maven-jar-plugin/3.1.0/maven-jar-plugin-3.1.0.pom
[INFO] Downloaded from central: https://repo.maven.apache.org/maven2/org/apache/maven/plugins/maven-jar-plugin/3.1.0/maven-jar-plugin-3.1.0.pom (6.6 kB at 7.3 kB/s)
[INFO] Downloading from central: https://repo.maven.apache.org/maven2/org/apache/maven/plugins/maven-plugins/31/maven-plugins-31.pom
[INFO] Downloaded from central: https://repo.maven.apache.org/maven2/org/apache/maven/plugins/maven-plugins/31/maven-plugins-31.pom (10 kB at 76 kB/s)
[INFO] Downloading from central: https://repo.maven.apache.org/maven2/org/apache/maven/maven-parent/31/maven-parent-31.pom
[INFO] Downloaded from central: https://repo.maven.apache.org/maven2/org/apache/maven/maven-parent/31/maven-parent-31.pom (43 kB at 236 kB/s)
[INFO] Downloading from central: https://repo.maven.apache.org/maven2/org/apache/apache/19/apache-19.pom
[INFO] Downloaded from central: https://repo.maven.apache.org/maven2/org/apache/apache/19/apache-19.pom (15 kB at 123 kB/s)
[INFO] Downloading from central: https://repo.maven.apache.org/maven2/org/apache/maven/plugins/maven-jar-plugin/3.1.0/maven-jar-plugin-3.1.0.jar
[INFO] Downloaded from central: https://repo.maven.apache.org/maven2/org/apache/maven/plugins/maven-jar-plugin/3.1.0/maven-jar-plugin-3.1.0.jar (27 kB at 162 kB/s)
[INFO] Downloading from central: https://repo.maven.apache.org/maven2/org/apache/maven/plugins/maven-antrun-plugin/1.8/maven-antrun-plugin-1.8.pom
[INFO] Downloaded from central: https://repo.maven.apache.org/maven2/org/apache/maven/plugins/maven-antrun-plugin/1.8/maven-antrun-plugin-1.8.pom (3.3 kB at 24 kB/s)
[INFO] Downloading from central: https://repo.maven.apache.org/maven2/org/apache/maven/plugins/maven-plugins/27/maven-plugins-27.pom
[INFO] Downloaded from central: https://repo.maven.apache.org/maven2/org/apache/maven/plugins/maven-plugins/27/maven-plugins-27.pom (11 kB at 83 kB/s)
[INFO] Downloading from central: https://repo.maven.apache.org/maven2/org/apache/maven/maven-parent/26/maven-parent-26.pom
[INFO] Downloaded from central: https://repo.maven.apache.org/maven2/org/apache/maven/maven-parent/26/maven-parent-26.pom (40 kB at 269 kB/s)
[INFO] Downloading from central: https://repo.maven.apache.org/maven2/org/apache/apache/16/apache-16.pom
[INFO] Downloaded from central: https://repo.maven.apache.org/maven2/org/apache/apache/16/apache-16.pom (15 kB at 110 kB/s)
[INFO] Downloading from central: https://repo.maven.apache.org/maven2/org/apache/maven/plugins/maven-antrun-plugin/1.8/maven-antrun-plugin-1.8.jar
[INFO] Downloaded from central: https://repo.maven.apache.org/maven2/org/apache/maven/plugins/maven-antrun-plugin/1.8/maven-antrun-plugin-1.8.jar (36 kB at 221 kB/s)
[INFO] Downloading from central: https://repo.maven.apache.org/maven2/org/codehaus/mojo/exec-maven-plugin/1.3.2/exec-maven-plugin-1.3.2.pom
[INFO] Downloaded from central: https://repo.maven.apache.org/maven2/org/codehaus/mojo/exec-maven-plugin/1.3.2/exec-maven-plugin-1.3.2.pom (11 kB at 78 kB/s)
[INFO] Downloading from central: https://repo.maven.apache.org/maven2/org/codehaus/mojo/mojo-parent/33/mojo-parent-33.pom
[INFO] Downloaded from central: https://repo.maven.apache.org/maven2/org/codehaus/mojo/mojo-parent/33/mojo-parent-33.pom (26 kB at 167 kB/s)
[INFO] Downloading from central: https://repo.maven.apache.org/maven2/org/codehaus/codehaus-parent/4/codehaus-parent-4.pom
[INFO] Downloaded from central: https://repo.maven.apache.org/maven2/org/codehaus/codehaus-parent/4/codehaus-parent-4.pom (4.8 kB at 38 kB/s)
[INFO] Downloading from central: https://repo.maven.apache.org/maven2/org/codehaus/mojo/exec-maven-plugin/1.3.2/exec-maven-plugin-1.3.2.jar
[INFO] Downloaded from central: https://repo.maven.apache.org/maven2/org/codehaus/mojo/exec-maven-plugin/1.3.2/exec-maven-plugin-1.3.2.jar (47 kB at 312 kB/s)
[INFO] Downloading from central: https://repo.maven.apache.org/maven2/org/apache/maven/plugins/maven-resources-plugin/2.6/maven-resources-plugin-2.6.pom
[INFO] Downloaded from central: https://repo.maven.apache.org/maven2/org/apache/maven/plugins/maven-resources-plugin/2.6/maven-resources-plugin-2.6.pom (8.1 kB at 58 kB/s)
[INFO] Downloading from central: https://repo.maven.apache.org/maven2/org/apache/maven/plugins/maven-plugins/23/maven-plugins-23.pom
[INFO] Downloaded from central: https://repo.maven.apache.org/maven2/org/apache/maven/plugins/maven-plugins/23/maven-plugins-23.pom (9.2 kB at 71 kB/s)
[INFO] Downloading from central: https://repo.maven.apache.org/maven2/org/apache/maven/maven-parent/22/maven-parent-22.pom
[INFO] Downloaded from central: https://repo.maven.apache.org/maven2/org/apache/maven/maven-parent/22/maven-parent-22.pom (30 kB at 204 kB/s)
[INFO] Downloading from central: https://repo.maven.apache.org/maven2/org/apache/apache/11/apache-11.pom
[INFO] Downloaded from central: https://repo.maven.apache.org/maven2/org/apache/apache/11/apache-11.pom (15 kB at 110 kB/s)
[INFO] Downloading from central: https://repo.maven.apache.org/maven2/org/apache/maven/plugins/maven-resources-plugin/2.6/maven-resources-plugin-2.6.jar
[INFO] Downloaded from central: https://repo.maven.apache.org/maven2/org/apache/maven/plugins/maven-resources-plugin/2.6/maven-resources-plugin-2.6.jar (30 kB at 187 kB/s)
[INFO] Downloading from central: https://repo.maven.apache.org/maven2/org/apache/maven/plugins/maven-compiler-plugin/3.8.1/maven-compiler-plugin-3.8.1.pom
[INFO] Downloaded from central: https://repo.maven.apache.org/maven2/org/apache/maven/plugins/maven-compiler-plugin/3.8.1/maven-compiler-plugin-3.8.1.pom (12 kB at 95 kB/s)
[INFO] Downloading from central: https://repo.maven.apache.org/maven2/org/apache/maven/plugins/maven-plugins/33/maven-plugins-33.pom
[INFO] Downloaded from central: https://repo.maven.apache.org/maven2/org/apache/maven/plugins/maven-plugins/33/maven-plugins-33.pom (11 kB at 86 kB/s)
[INFO] Downloading from central: https://repo.maven.apache.org/maven2/org/apache/maven/maven-parent/33/maven-parent-33.pom
[INFO] Downloaded from central: https://repo.maven.apache.org/maven2/org/apache/maven/maven-parent/33/maven-parent-33.pom (44 kB at 279 kB/s)
[INFO] Downloading from central: https://repo.maven.apache.org/maven2/org/apache/apache/21/apache-21.pom
[INFO] Downloaded from central: https://repo.maven.apache.org/maven2/org/apache/apache/21/apache-21.pom (17 kB at 126 kB/s)
[INFO] Downloading from central: https://repo.maven.apache.org/maven2/org/apache/maven/plugins/maven-compiler-plugin/3.8.1/maven-compiler-plugin-3.8.1.jar
[INFO] Downloaded from central: https://repo.maven.apache.org/maven2/org/apache/maven/plugins/maven-compiler-plugin/3.8.1/maven-compiler-plugin-3.8.1.jar (62 kB at 388 kB/s)
[INFO] Downloading from central: https://repo.maven.apache.org/maven2/junit/junit/4.13.1/junit-4.13.1.pom
[INFO] Downloaded from central: https://repo.maven.apache.org/maven2/junit/junit/4.13.1/junit-4.13.1.pom (25 kB at 176 kB/s)
[INFO] Downloading from central: https://repo.maven.apache.org/maven2/org/hamcrest/hamcrest-core/1.3/hamcrest-core-1.3.pom
[INFO] Downloaded from central: https://repo.maven.apache.org/maven2/org/hamcrest/hamcrest-core/1.3/hamcrest-core-1.3.pom (766 B at 5.8 kB/s)
[INFO] Downloading from central: https://repo.maven.apache.org/maven2/org/hamcrest/hamcrest-parent/1.3/hamcrest-parent-1.3.pom
[INFO] Downloaded from central: https://repo.maven.apache.org/maven2/org/hamcrest/hamcrest-parent/1.3/hamcrest-parent-1.3.pom (2.0 kB at 15 kB/s)
[INFO] Downloading from central: https://repo.maven.apache.org/maven2/org/mockito/mockito-all/1.10.19/mockito-all-1.10.19.pom
[INFO] Downloaded from central: https://repo.maven.apache.org/maven2/org/mockito/mockito-all/1.10.19/mockito-all-1.10.19.pom (930 B at 6.5 kB/s)
[INFO] Downloading from central: https://repo.maven.apache.org/maven2/org/hamcrest/hamcrest-core/1.3/hamcrest-core-1.3.jar
[INFO] Downloading from central: https://repo.maven.apache.org/maven2/junit/junit/4.13.1/junit-4.13.1.jar
[INFO] Downloading from central: https://repo.maven.apache.org/maven2/org/mockito/mockito-all/1.10.19/mockito-all-1.10.19.jar
[INFO] Downloaded from central: https://repo.maven.apache.org/maven2/org/hamcrest/hamcrest-core/1.3/hamcrest-core-1.3.jar (45 kB at 256 kB/s)
[INFO] Downloaded from central: https://repo.maven.apache.org/maven2/junit/junit/4.13.1/junit-4.13.1.jar (383 kB at 635 kB/s)
[INFO] Downloaded from central: https://repo.maven.apache.org/maven2/org/mockito/mockito-all/1.10.19/mockito-all-1.10.19.jar (1.2 MB at 1.5 MB/s)
[INFO] 
[INFO] --- maven-antrun-plugin:1.8:run (create-build-dir) @ aws-crt ---
[INFO] Downloading from central: https://repo.maven.apache.org/maven2/org/apache/maven/maven-plugin-api/2.2.1/maven-plugin-api-2.2.1.pom
[INFO] Downloaded from central: https://repo.maven.apache.org/maven2/org/apache/maven/maven-plugin-api/2.2.1/maven-plugin-api-2.2.1.pom (1.5 kB at 10 kB/s)
[INFO] Downloading from central: https://repo.maven.apache.org/maven2/org/apache/maven/maven/2.2.1/maven-2.2.1.pom
[INFO] Downloaded from central: https://repo.maven.apache.org/maven2/org/apache/maven/maven/2.2.1/maven-2.2.1.pom (22 kB at 140 kB/s)
[INFO] Downloading from central: https://repo.maven.apache.org/maven2/org/apache/maven/maven-parent/11/maven-parent-11.pom
[INFO] Downloaded from central: https://repo.maven.apache.org/maven2/org/apache/maven/maven-parent/11/maven-parent-11.pom (32 kB at 199 kB/s)
[INFO] Downloading from central: https://repo.maven.apache.org/maven2/org/apache/apache/5/apache-5.pom
[INFO] Downloaded from central: https://repo.maven.apache.org/maven2/org/apache/apache/5/apache-5.pom (4.1 kB at 34 kB/s)
[INFO] Downloading from central: https://repo.maven.apache.org/maven2/org/apache/maven/maven-project/2.2.1/maven-project-2.2.1.pom
[INFO] Downloaded from central: https://repo.maven.apache.org/maven2/org/apache/maven/maven-project/2.2.1/maven-project-2.2.1.pom (2.8 kB at 21 kB/s)
[INFO] Downloading from central: https://repo.maven.apache.org/maven2/org/apache/maven/maven-settings/2.2.1/maven-settings-2.2.1.pom
[INFO] Downloaded from central: https://repo.maven.apache.org/maven2/org/apache/maven/maven-settings/2.2.1/maven-settings-2.2.1.pom (2.2 kB at 17 kB/s)
[INFO] Downloading from central: https://repo.maven.apache.org/maven2/org/apache/maven/maven-model/2.2.1/maven-model-2.2.1.pom
[INFO] Downloaded from central: https://repo.maven.apache.org/maven2/org/apache/maven/maven-model/2.2.1/maven-model-2.2.1.pom (3.2 kB at 25 kB/s)
[INFO] Downloading from central: https://repo.maven.apache.org/maven2/org/codehaus/plexus/plexus-utils/1.5.15/plexus-utils-1.5.15.pom
[INFO] Downloaded from central: https://repo.maven.apache.org/maven2/org/codehaus/plexus/plexus-utils/1.5.15/plexus-utils-1.5.15.pom (6.8 kB at 43 kB/s)
[INFO] Downloading from central: https://repo.maven.apache.org/maven2/org/codehaus/plexus/plexus/2.0.2/plexus-2.0.2.pom
[INFO] Downloaded from central: https://repo.maven.apache.org/maven2/org/codehaus/plexus/plexus/2.0.2/plexus-2.0.2.pom (12 kB at 85 kB/s)
[INFO] Downloading from central: https://repo.maven.apache.org/maven2/org/codehaus/plexus/plexus-interpolation/1.11/plexus-interpolation-1.11.pom
[INFO] Downloaded from central: https://repo.maven.apache.org/maven2/org/codehaus/plexus/plexus-interpolation/1.11/plexus-interpolation-1.11.pom (889 B at 6.1 kB/s)
[INFO] Downloading from central: https://repo.maven.apache.org/maven2/org/codehaus/plexus/plexus-components/1.1.14/plexus-components-1.1.14.pom
[INFO] Downloaded from central: https://repo.maven.apache.org/maven2/org/codehaus/plexus/plexus-components/1.1.14/plexus-components-1.1.14.pom (5.8 kB at 45 kB/s)
[INFO] Downloading from central: https://repo.maven.apache.org/maven2/org/codehaus/plexus/plexus-container-default/1.0-alpha-9-stable-1/plexus-container-default-1.0-alpha-9-stable-1.pom
[INFO] Downloaded from central: https://repo.maven.apache.org/maven2/org/codehaus/plexus/plexus-container-default/1.0-alpha-9-stable-1/plexus-container-default-1.0-alpha-9-stable-1.pom (3.9 kB at 28 kB/s)
[INFO] Downloading from central: https://repo.maven.apache.org/maven2/org/codehaus/plexus/plexus-containers/1.0.3/plexus-containers-1.0.3.pom
[INFO] Downloaded from central: https://repo.maven.apache.org/maven2/org/codehaus/plexus/plexus-containers/1.0.3/plexus-containers-1.0.3.pom (492 B at 3.8 kB/s)
[INFO] Downloading from central: https://repo.maven.apache.org/maven2/org/codehaus/plexus/plexus/1.0.4/plexus-1.0.4.pom
[INFO] Downloaded from central: https://repo.maven.apache.org/maven2/org/codehaus/plexus/plexus/1.0.4/plexus-1.0.4.pom (5.7 kB at 42 kB/s)
[INFO] Downloading from central: https://repo.maven.apache.org/maven2/junit/junit/3.8.1/junit-3.8.1.pom
[INFO] Downloaded from central: https://repo.maven.apache.org/maven2/junit/junit/3.8.1/junit-3.8.1.pom (998 B at 8.1 kB/s)
[INFO] Downloading from central: https://repo.maven.apache.org/maven2/org/codehaus/plexus/plexus-utils/1.0.4/plexus-utils-1.0.4.pom
[INFO] Downloaded from central: https://repo.maven.apache.org/maven2/org/codehaus/plexus/plexus-utils/1.0.4/plexus-utils-1.0.4.pom (6.9 kB at 53 kB/s)
[INFO] Downloading from central: https://repo.maven.apache.org/maven2/classworlds/classworlds/1.1-alpha-2/classworlds-1.1-alpha-2.pom
[INFO] Downloaded from central: https://repo.maven.apache.org/maven2/classworlds/classworlds/1.1-alpha-2/classworlds-1.1-alpha-2.pom (3.1 kB at 24 kB/s)
[INFO] Downloading from central: https://repo.maven.apache.org/maven2/org/apache/maven/maven-profile/2.2.1/maven-profile-2.2.1.pom
[INFO] Downloaded from central: https://repo.maven.apache.org/maven2/org/apache/maven/maven-profile/2.2.1/maven-profile-2.2.1.pom (2.2 kB at 15 kB/s)
[INFO] Downloading from central: https://repo.maven.apache.org/maven2/org/apache/maven/maven-artifact-manager/2.2.1/maven-artifact-manager-2.2.1.pom
[INFO] Downloaded from central: https://repo.maven.apache.org/maven2/org/apache/maven/maven-artifact-manager/2.2.1/maven-artifact-manager-2.2.1.pom (3.1 kB at 23 kB/s)
[INFO] Downloading from central: https://repo.maven.apache.org/maven2/org/apache/maven/maven-repository-metadata/2.2.1/maven-repository-metadata-2.2.1.pom
[INFO] Downloaded from central: https://repo.maven.apache.org/maven2/org/apache/maven/maven-repository-metadata/2.2.1/maven-repository-metadata-2.2.1.pom (1.9 kB at 16 kB/s)
[INFO] Downloading from central: https://repo.maven.apache.org/maven2/org/apache/maven/maven-artifact/2.2.1/maven-artifact-2.2.1.pom
[INFO] Downloaded from central: https://repo.maven.apache.org/maven2/org/apache/maven/maven-artifact/2.2.1/maven-artifact-2.2.1.pom (1.6 kB at 12 kB/s)
[INFO] Downloading from central: https://repo.maven.apache.org/maven2/backport-util-concurrent/backport-util-concurrent/3.1/backport-util-concurrent-3.1.pom
[INFO] Downloaded from central: https://repo.maven.apache.org/maven2/backport-util-concurrent/backport-util-concurrent/3.1/backport-util-concurrent-3.1.pom (880 B at 6.7 kB/s)
[INFO] Downloading from central: https://repo.maven.apache.org/maven2/org/apache/maven/maven-plugin-registry/2.2.1/maven-plugin-registry-2.2.1.pom
[INFO] Downloaded from central: https://repo.maven.apache.org/maven2/org/apache/maven/maven-plugin-registry/2.2.1/maven-plugin-registry-2.2.1.pom (1.9 kB at 14 kB/s)
[INFO] Downloading from central: https://repo.maven.apache.org/maven2/org/codehaus/plexus/plexus-utils/3.0.20/plexus-utils-3.0.20.pom
[INFO] Downloaded from central: https://repo.maven.apache.org/maven2/org/codehaus/plexus/plexus-utils/3.0.20/plexus-utils-3.0.20.pom (3.8 kB at 30 kB/s)
[INFO] Downloading from central: https://repo.maven.apache.org/maven2/org/codehaus/plexus/plexus/3.3.1/plexus-3.3.1.pom
[INFO] Downloaded from central: https://repo.maven.apache.org/maven2/org/codehaus/plexus/plexus/3.3.1/plexus-3.3.1.pom (20 kB at 137 kB/s)
[INFO] Downloading from central: https://repo.maven.apache.org/maven2/org/sonatype/spice/spice-parent/17/spice-parent-17.pom
[INFO] Downloaded from central: https://repo.maven.apache.org/maven2/org/sonatype/spice/spice-parent/17/spice-parent-17.pom (6.8 kB at 50 kB/s)
[INFO] Downloading from central: https://repo.maven.apache.org/maven2/org/sonatype/forge/forge-parent/10/forge-parent-10.pom
[INFO] Downloaded from central: https://repo.maven.apache.org/maven2/org/sonatype/forge/forge-parent/10/forge-parent-10.pom (14 kB at 94 kB/s)
[INFO] Downloading from central: https://repo.maven.apache.org/maven2/org/apache/ant/ant/1.9.4/ant-1.9.4.pom
[INFO] Downloaded from central: https://repo.maven.apache.org/maven2/org/apache/ant/ant/1.9.4/ant-1.9.4.pom (9.6 kB at 65 kB/s)
[INFO] Downloading from central: https://repo.maven.apache.org/maven2/org/apache/ant/ant-parent/1.9.4/ant-parent-1.9.4.pom
[INFO] Downloaded from central: https://repo.maven.apache.org/maven2/org/apache/ant/ant-parent/1.9.4/ant-parent-1.9.4.pom (5.6 kB at 42 kB/s)
[INFO] Downloading from central: https://repo.maven.apache.org/maven2/org/apache/ant/ant-launcher/1.9.4/ant-launcher-1.9.4.pom
[INFO] Downloaded from central: https://repo.maven.apache.org/maven2/org/apache/ant/ant-launcher/1.9.4/ant-launcher-1.9.4.pom (2.3 kB at 15 kB/s)
[INFO] Downloading from central: https://repo.maven.apache.org/maven2/org/apache/maven/maven-plugin-api/2.2.1/maven-plugin-api-2.2.1.jar
[INFO] Downloading from central: https://repo.maven.apache.org/maven2/org/apache/maven/maven-project/2.2.1/maven-project-2.2.1.jar
[INFO] Downloading from central: https://repo.maven.apache.org/maven2/org/apache/maven/maven-settings/2.2.1/maven-settings-2.2.1.jar
[INFO] Downloading from central: https://repo.maven.apache.org/maven2/org/apache/maven/maven-profile/2.2.1/maven-profile-2.2.1.jar
[INFO] Downloading from central: https://repo.maven.apache.org/maven2/org/apache/maven/maven-model/2.2.1/maven-model-2.2.1.jar
[INFO] Downloaded from central: https://repo.maven.apache.org/maven2/org/apache/maven/maven-plugin-api/2.2.1/maven-plugin-api-2.2.1.jar (12 kB at 66 kB/s)
[INFO] Downloaded from central: https://repo.maven.apache.org/maven2/org/apache/maven/maven-settings/2.2.1/maven-settings-2.2.1.jar (49 kB at 264 kB/s)
[INFO] Downloading from central: https://repo.maven.apache.org/maven2/org/apache/maven/maven-artifact-manager/2.2.1/maven-artifact-manager-2.2.1.jar
[INFO] Downloading from central: https://repo.maven.apache.org/maven2/org/apache/maven/maven-repository-metadata/2.2.1/maven-repository-metadata-2.2.1.jar
[INFO] Downloaded from central: https://repo.maven.apache.org/maven2/org/apache/maven/maven-model/2.2.1/maven-model-2.2.1.jar (88 kB at 360 kB/s)
[INFO] Downloading from central: https://repo.maven.apache.org/maven2/backport-util-concurrent/backport-util-concurrent/3.1/backport-util-concurrent-3.1.jar
[INFO] Downloaded from central: https://repo.maven.apache.org/maven2/org/apache/maven/maven-repository-metadata/2.2.1/maven-repository-metadata-2.2.1.jar (26 kB at 83 kB/s)
[INFO] Downloading from central: https://repo.maven.apache.org/maven2/org/apache/maven/maven-plugin-registry/2.2.1/maven-plugin-registry-2.2.1.jar
[INFO] Downloaded from central: https://repo.maven.apache.org/maven2/org/apache/maven/maven-artifact-manager/2.2.1/maven-artifact-manager-2.2.1.jar (68 kB at 204 kB/s)
[INFO] Downloading from central: https://repo.maven.apache.org/maven2/org/codehaus/plexus/plexus-interpolation/1.11/plexus-interpolation-1.11.jar
[INFO] Downloaded from central: https://repo.maven.apache.org/maven2/org/apache/maven/maven-profile/2.2.1/maven-profile-2.2.1.jar (35 kB at 102 kB/s)
[INFO] Downloading from central: https://repo.maven.apache.org/maven2/org/codehaus/plexus/plexus-container-default/1.0-alpha-9-stable-1/plexus-container-default-1.0-alpha-9-stable-1.jar
[INFO] Downloaded from central: https://repo.maven.apache.org/maven2/org/apache/maven/maven-plugin-registry/2.2.1/maven-plugin-registry-2.2.1.jar (30 kB at 68 kB/s)
[INFO] Downloading from central: https://repo.maven.apache.org/maven2/junit/junit/3.8.1/junit-3.8.1.jar
[INFO] Downloaded from central: https://repo.maven.apache.org/maven2/org/codehaus/plexus/plexus-interpolation/1.11/plexus-interpolation-1.11.jar (51 kB at 108 kB/s)
[INFO] Downloading from central: https://repo.maven.apache.org/maven2/classworlds/classworlds/1.1-alpha-2/classworlds-1.1-alpha-2.jar
[INFO] Downloaded from central: https://repo.maven.apache.org/maven2/org/apache/maven/maven-project/2.2.1/maven-project-2.2.1.jar (156 kB at 303 kB/s)
[INFO] Downloading from central: https://repo.maven.apache.org/maven2/org/apache/maven/maven-artifact/2.2.1/maven-artifact-2.2.1.jar
[INFO] Downloaded from central: https://repo.maven.apache.org/maven2/junit/junit/3.8.1/junit-3.8.1.jar (121 kB at 208 kB/s)
[INFO] Downloading from central: https://repo.maven.apache.org/maven2/org/codehaus/plexus/plexus-utils/3.0.20/plexus-utils-3.0.20.jar
[INFO] Downloaded from central: https://repo.maven.apache.org/maven2/classworlds/classworlds/1.1-alpha-2/classworlds-1.1-alpha-2.jar (38 kB at 63 kB/s)
[INFO] Downloading from central: https://repo.maven.apache.org/maven2/org/apache/ant/ant/1.9.4/ant-1.9.4.jar
[INFO] Downloaded from central: https://repo.maven.apache.org/maven2/backport-util-concurrent/backport-util-concurrent/3.1/backport-util-concurrent-3.1.jar (332 kB at 534 kB/s)
[INFO] Downloading from central: https://repo.maven.apache.org/maven2/org/apache/ant/ant-launcher/1.9.4/ant-launcher-1.9.4.jar
[INFO] Downloaded from central: https://repo.maven.apache.org/maven2/org/codehaus/plexus/plexus-container-default/1.0-alpha-9-stable-1/plexus-container-default-1.0-alpha-9-stable-1.jar (194 kB at 256 kB/s)
[INFO] Downloaded from central: https://repo.maven.apache.org/maven2/org/codehaus/plexus/plexus-utils/3.0.20/plexus-utils-3.0.20.jar (243 kB at 313 kB/s)
[INFO] Downloaded from central: https://repo.maven.apache.org/maven2/org/apache/maven/maven-artifact/2.2.1/maven-artifact-2.2.1.jar (80 kB at 103 kB/s)
[INFO] Downloaded from central: https://repo.maven.apache.org/maven2/org/apache/ant/ant-launcher/1.9.4/ant-launcher-1.9.4.jar (18 kB at 23 kB/s)
[INFO] Downloaded from central: https://repo.maven.apache.org/maven2/org/apache/ant/ant/1.9.4/ant-1.9.4.jar (2.0 MB at 1.4 MB/s)
[INFO] Executing tasks

main:
[INFO] Executed tasks
[INFO] 
[INFO] --- maven-antrun-plugin:1.8:run (cmake-generator) @ aws-crt ---
[INFO] Executing tasks

main:
     [echo] Generator = -DGENERATOR_DUMMY=1
[INFO] Executed tasks
[INFO] 
[INFO] --- maven-antrun-plugin:1.8:run (cmake-toolset) @ aws-crt ---
[INFO] Executing tasks

main:
     [echo] Toolset = -DTOOLSET_DUMMY=1
[INFO] Executed tasks
[INFO] 
[INFO] --- exec-maven-plugin:1.3.2:exec (cmake-configure) @ aws-crt ---
[INFO] Downloading from central: https://repo.maven.apache.org/maven2/org/apache/maven/maven-toolchain/1.0/maven-toolchain-1.0.pom
[INFO] Downloaded from central: https://repo.maven.apache.org/maven2/org/apache/maven/maven-toolchain/1.0/maven-toolchain-1.0.pom (3.4 kB at 24 kB/s)
[INFO] Downloading from central: https://repo.maven.apache.org/maven2/org/apache/maven/maven/2.0.6/maven-2.0.6.pom
[INFO] Downloaded from central: https://repo.maven.apache.org/maven2/org/apache/maven/maven/2.0.6/maven-2.0.6.pom (9.0 kB at 76 kB/s)
[INFO] Downloading from central: https://repo.maven.apache.org/maven2/org/apache/maven/maven-parent/5/maven-parent-5.pom
[INFO] Downloaded from central: https://repo.maven.apache.org/maven2/org/apache/maven/maven-parent/5/maven-parent-5.pom (15 kB at 117 kB/s)
[INFO] Downloading from central: https://repo.maven.apache.org/maven2/org/apache/apache/3/apache-3.pom
[INFO] Downloaded from central: https://repo.maven.apache.org/maven2/org/apache/apache/3/apache-3.pom (3.4 kB at 27 kB/s)
[INFO] Downloading from central: https://repo.maven.apache.org/maven2/org/apache/maven/maven-core/2.0.6/maven-core-2.0.6.pom
[INFO] Downloaded from central: https://repo.maven.apache.org/maven2/org/apache/maven/maven-core/2.0.6/maven-core-2.0.6.pom (6.7 kB at 54 kB/s)
[INFO] Downloading from central: https://repo.maven.apache.org/maven2/org/apache/maven/maven-settings/2.0.6/maven-settings-2.0.6.pom
[INFO] Downloaded from central: https://repo.maven.apache.org/maven2/org/apache/maven/maven-settings/2.0.6/maven-settings-2.0.6.pom (2.0 kB at 15 kB/s)
[INFO] Downloading from central: https://repo.maven.apache.org/maven2/org/apache/maven/maven-model/2.0.6/maven-model-2.0.6.pom
[INFO] Downloaded from central: https://repo.maven.apache.org/maven2/org/apache/maven/maven-model/2.0.6/maven-model-2.0.6.pom (3.0 kB at 24 kB/s)
[INFO] Downloading from central: https://repo.maven.apache.org/maven2/org/codehaus/plexus/plexus-utils/1.4.1/plexus-utils-1.4.1.pom
[INFO] Downloaded from central: https://repo.maven.apache.org/maven2/org/codehaus/plexus/plexus-utils/1.4.1/plexus-utils-1.4.1.pom (1.9 kB at 13 kB/s)
[INFO] Downloading from central: https://repo.maven.apache.org/maven2/org/codehaus/plexus/plexus/1.0.11/plexus-1.0.11.pom
[INFO] Downloaded from central: https://repo.maven.apache.org/maven2/org/codehaus/plexus/plexus/1.0.11/plexus-1.0.11.pom (9.0 kB at 68 kB/s)
[INFO] Downloading from central: https://repo.maven.apache.org/maven2/junit/junit/4.11/junit-4.11.pom
[INFO] Downloaded from central: https://repo.maven.apache.org/maven2/junit/junit/4.11/junit-4.11.pom (2.3 kB at 18 kB/s)
[INFO] Downloading from central: https://repo.maven.apache.org/maven2/org/apache/maven/maven-plugin-parameter-documenter/2.0.6/maven-plugin-parameter-documenter-2.0.6.pom
[INFO] Downloaded from central: https://repo.maven.apache.org/maven2/org/apache/maven/maven-plugin-parameter-documenter/2.0.6/maven-plugin-parameter-documenter-2.0.6.pom (1.9 kB at 15 kB/s)
[INFO] Downloading from central: https://repo.maven.apache.org/maven2/org/apache/maven/reporting/maven-reporting-api/2.0.6/maven-reporting-api-2.0.6.pom
[INFO] Downloaded from central: https://repo.maven.apache.org/maven2/org/apache/maven/reporting/maven-reporting-api/2.0.6/maven-reporting-api-2.0.6.pom (1.8 kB at 12 kB/s)
[INFO] Downloading from central: https://repo.maven.apache.org/maven2/org/apache/maven/reporting/maven-reporting/2.0.6/maven-reporting-2.0.6.pom
[INFO] Downloaded from central: https://repo.maven.apache.org/maven2/org/apache/maven/reporting/maven-reporting/2.0.6/maven-reporting-2.0.6.pom (1.4 kB at 10 kB/s)
[INFO] Downloading from central: https://repo.maven.apache.org/maven2/org/apache/maven/doxia/doxia-sink-api/1.0-alpha-7/doxia-sink-api-1.0-alpha-7.pom
[INFO] Downloaded from central: https://repo.maven.apache.org/maven2/org/apache/maven/doxia/doxia-sink-api/1.0-alpha-7/doxia-sink-api-1.0-alpha-7.pom (424 B at 3.1 kB/s)
[INFO] Downloading from central: https://repo.maven.apache.org/maven2/org/apache/maven/doxia/doxia/1.0-alpha-7/doxia-1.0-alpha-7.pom
[INFO] Downloaded from central: https://repo.maven.apache.org/maven2/org/apache/maven/doxia/doxia/1.0-alpha-7/doxia-1.0-alpha-7.pom (3.9 kB at 30 kB/s)
[INFO] Downloading from central: https://repo.maven.apache.org/maven2/org/apache/maven/maven-profile/2.0.6/maven-profile-2.0.6.pom
[INFO] Downloaded from central: https://repo.maven.apache.org/maven2/org/apache/maven/maven-profile/2.0.6/maven-profile-2.0.6.pom (2.0 kB at 14 kB/s)
[INFO] Downloading from central: https://repo.maven.apache.org/maven2/org/apache/maven/maven-artifact/2.0.6/maven-artifact-2.0.6.pom
[INFO] Downloaded from central: https://repo.maven.apache.org/maven2/org/apache/maven/maven-artifact/2.0.6/maven-artifact-2.0.6.pom (1.6 kB at 13 kB/s)
[INFO] Downloading from central: https://repo.maven.apache.org/maven2/org/apache/maven/maven-repository-metadata/2.0.6/maven-repository-metadata-2.0.6.pom
[INFO] Downloaded from central: https://repo.maven.apache.org/maven2/org/apache/maven/maven-repository-metadata/2.0.6/maven-repository-metadata-2.0.6.pom (1.9 kB at 15 kB/s)
[INFO] Downloading from central: https://repo.maven.apache.org/maven2/org/apache/maven/maven-error-diagnostics/2.0.6/maven-error-diagnostics-2.0.6.pom
[INFO] Downloaded from central: https://repo.maven.apache.org/maven2/org/apache/maven/maven-error-diagnostics/2.0.6/maven-error-diagnostics-2.0.6.pom (1.7 kB at 10 kB/s)
[INFO] Downloading from central: https://repo.maven.apache.org/maven2/org/apache/maven/maven-project/2.0.6/maven-project-2.0.6.pom
[INFO] Downloaded from central: https://repo.maven.apache.org/maven2/org/apache/maven/maven-project/2.0.6/maven-project-2.0.6.pom (2.6 kB at 22 kB/s)
[INFO] Downloading from central: https://repo.maven.apache.org/maven2/org/apache/maven/maven-artifact-manager/2.0.6/maven-artifact-manager-2.0.6.pom
[INFO] Downloaded from central: https://repo.maven.apache.org/maven2/org/apache/maven/maven-artifact-manager/2.0.6/maven-artifact-manager-2.0.6.pom (2.6 kB at 22 kB/s)
[INFO] Downloading from central: https://repo.maven.apache.org/maven2/org/apache/maven/maven-plugin-registry/2.0.6/maven-plugin-registry-2.0.6.pom
[INFO] Downloaded from central: https://repo.maven.apache.org/maven2/org/apache/maven/maven-plugin-registry/2.0.6/maven-plugin-registry-2.0.6.pom (1.9 kB at 15 kB/s)
[INFO] Downloading from central: https://repo.maven.apache.org/maven2/commons-cli/commons-cli/1.0/commons-cli-1.0.pom
[INFO] Downloaded from central: https://repo.maven.apache.org/maven2/commons-cli/commons-cli/1.0/commons-cli-1.0.pom (2.1 kB at 17 kB/s)
[INFO] Downloading from central: https://repo.maven.apache.org/maven2/org/apache/maven/maven-plugin-api/2.0.1/maven-plugin-api-2.0.1.pom
[INFO] Downloaded from central: https://repo.maven.apache.org/maven2/org/apache/maven/maven-plugin-api/2.0.1/maven-plugin-api-2.0.1.pom (643 B at 4.8 kB/s)
[INFO] Downloading from central: https://repo.maven.apache.org/maven2/org/apache/maven/maven/2.0.1/maven-2.0.1.pom
[INFO] Downloaded from central: https://repo.maven.apache.org/maven2/org/apache/maven/maven/2.0.1/maven-2.0.1.pom (11 kB at 92 kB/s)
[INFO] Downloading from central: https://repo.maven.apache.org/maven2/org/apache/maven/maven-plugin-descriptor/2.0.6/maven-plugin-descriptor-2.0.6.pom
[INFO] Downloaded from central: https://repo.maven.apache.org/maven2/org/apache/maven/maven-plugin-descriptor/2.0.6/maven-plugin-descriptor-2.0.6.pom (2.0 kB at 16 kB/s)
[INFO] Downloading from central: https://repo.maven.apache.org/maven2/org/codehaus/plexus/plexus-interactivity-api/1.0-alpha-4/plexus-interactivity-api-1.0-alpha-4.pom
[INFO] Downloaded from central: https://repo.maven.apache.org/maven2/org/codehaus/plexus/plexus-interactivity-api/1.0-alpha-4/plexus-interactivity-api-1.0-alpha-4.pom (7.1 kB at 54 kB/s)
[INFO] Downloading from central: https://repo.maven.apache.org/maven2/org/apache/maven/maven-monitor/2.0.6/maven-monitor-2.0.6.pom
[INFO] Downloaded from central: https://repo.maven.apache.org/maven2/org/apache/maven/maven-monitor/2.0.6/maven-monitor-2.0.6.pom (1.3 kB at 10 kB/s)
[INFO] Downloading from central: https://repo.maven.apache.org/maven2/classworlds/classworlds/1.1/classworlds-1.1.pom
[INFO] Downloaded from central: https://repo.maven.apache.org/maven2/classworlds/classworlds/1.1/classworlds-1.1.pom (3.3 kB at 25 kB/s)
[INFO] Downloading from central: https://repo.maven.apache.org/maven2/org/apache/maven/maven-core/2.2.1/maven-core-2.2.1.pom
[INFO] Downloaded from central: https://repo.maven.apache.org/maven2/org/apache/maven/maven-core/2.2.1/maven-core-2.2.1.pom (12 kB at 83 kB/s)
[INFO] Downloading from central: https://repo.maven.apache.org/maven2/org/apache/maven/maven-plugin-parameter-documenter/2.2.1/maven-plugin-parameter-documenter-2.2.1.pom
[INFO] Downloaded from central: https://repo.maven.apache.org/maven2/org/apache/maven/maven-plugin-parameter-documenter/2.2.1/maven-plugin-parameter-documenter-2.2.1.pom (2.0 kB at 15 kB/s)
[INFO] Downloading from central: https://repo.maven.apache.org/maven2/org/slf4j/slf4j-jdk14/1.5.6/slf4j-jdk14-1.5.6.pom
[INFO] Downloaded from central: https://repo.maven.apache.org/maven2/org/slf4j/slf4j-jdk14/1.5.6/slf4j-jdk14-1.5.6.pom (1.9 kB at 15 kB/s)
[INFO] Downloading from central: https://repo.maven.apache.org/maven2/org/slf4j/slf4j-parent/1.5.6/slf4j-parent-1.5.6.pom
[INFO] Downloaded from central: https://repo.maven.apache.org/maven2/org/slf4j/slf4j-parent/1.5.6/slf4j-parent-1.5.6.pom (7.9 kB at 59 kB/s)
[INFO] Downloading from central: https://repo.maven.apache.org/maven2/org/slf4j/slf4j-api/1.5.6/slf4j-api-1.5.6.pom
[INFO] Downloaded from central: https://repo.maven.apache.org/maven2/org/slf4j/slf4j-api/1.5.6/slf4j-api-1.5.6.pom (3.0 kB at 24 kB/s)
[INFO] Downloading from central: https://repo.maven.apache.org/maven2/org/slf4j/jcl-over-slf4j/1.5.6/jcl-over-slf4j-1.5.6.pom
[INFO] Downloaded from central: https://repo.maven.apache.org/maven2/org/slf4j/jcl-over-slf4j/1.5.6/jcl-over-slf4j-1.5.6.pom (2.2 kB at 17 kB/s)
[INFO] Downloading from central: https://repo.maven.apache.org/maven2/org/apache/maven/reporting/maven-reporting-api/2.2.1/maven-reporting-api-2.2.1.pom
[INFO] Downloaded from central: https://repo.maven.apache.org/maven2/org/apache/maven/reporting/maven-reporting-api/2.2.1/maven-reporting-api-2.2.1.pom (1.9 kB at 15 kB/s)
[INFO] Downloading from central: https://repo.maven.apache.org/maven2/org/apache/maven/reporting/maven-reporting/2.2.1/maven-reporting-2.2.1.pom
[INFO] Downloaded from central: https://repo.maven.apache.org/maven2/org/apache/maven/reporting/maven-reporting/2.2.1/maven-reporting-2.2.1.pom (1.4 kB at 12 kB/s)
[INFO] Downloading from central: https://repo.maven.apache.org/maven2/org/apache/maven/doxia/doxia-sink-api/1.1/doxia-sink-api-1.1.pom
[INFO] Downloaded from central: https://repo.maven.apache.org/maven2/org/apache/maven/doxia/doxia-sink-api/1.1/doxia-sink-api-1.1.pom (2.0 kB at 16 kB/s)
[INFO] Downloading from central: https://repo.maven.apache.org/maven2/org/apache/maven/doxia/doxia/1.1/doxia-1.1.pom
[INFO] Downloaded from central: https://repo.maven.apache.org/maven2/org/apache/maven/doxia/doxia/1.1/doxia-1.1.pom (15 kB at 117 kB/s)
[INFO] Downloading from central: https://repo.maven.apache.org/maven2/org/apache/maven/doxia/doxia-logging-api/1.1/doxia-logging-api-1.1.pom
[INFO] Downloaded from central: https://repo.maven.apache.org/maven2/org/apache/maven/doxia/doxia-logging-api/1.1/doxia-logging-api-1.1.pom (1.6 kB at 13 kB/s)
[INFO] Downloading from central: https://repo.maven.apache.org/maven2/org/codehaus/plexus/plexus-container-default/1.0-alpha-30/plexus-container-default-1.0-alpha-30.pom
[INFO] Downloaded from central: https://repo.maven.apache.org/maven2/org/codehaus/plexus/plexus-container-default/1.0-alpha-30/plexus-container-default-1.0-alpha-30.pom (3.5 kB at 28 kB/s)
[INFO] Downloading from central: https://repo.maven.apache.org/maven2/org/codehaus/plexus/plexus-containers/1.0-alpha-30/plexus-containers-1.0-alpha-30.pom
[INFO] Downloaded from central: https://repo.maven.apache.org/maven2/org/codehaus/plexus/plexus-containers/1.0-alpha-30/plexus-containers-1.0-alpha-30.pom (1.9 kB at 15 kB/s)
[INFO] Downloading from central: https://repo.maven.apache.org/maven2/org/codehaus/plexus/plexus-utils/1.4.5/plexus-utils-1.4.5.pom
[INFO] Downloaded from central: https://repo.maven.apache.org/maven2/org/codehaus/plexus/plexus-utils/1.4.5/plexus-utils-1.4.5.pom (2.3 kB at 17 kB/s)
[INFO] Downloading from central: https://repo.maven.apache.org/maven2/org/codehaus/plexus/plexus-classworlds/1.2-alpha-9/plexus-classworlds-1.2-alpha-9.pom
[INFO] Downloaded from central: https://repo.maven.apache.org/maven2/org/codehaus/plexus/plexus-classworlds/1.2-alpha-9/plexus-classworlds-1.2-alpha-9.pom (3.2 kB at 25 kB/s)
[INFO] Downloading from central: https://repo.maven.apache.org/maven2/org/codehaus/plexus/plexus/1.0.10/plexus-1.0.10.pom
[INFO] Downloaded from central: https://repo.maven.apache.org/maven2/org/codehaus/plexus/plexus/1.0.10/plexus-1.0.10.pom (8.2 kB at 67 kB/s)
[INFO] Downloading from central: https://repo.maven.apache.org/maven2/org/apache/maven/maven-error-diagnostics/2.2.1/maven-error-diagnostics-2.2.1.pom
[INFO] Downloaded from central: https://repo.maven.apache.org/maven2/org/apache/maven/maven-error-diagnostics/2.2.1/maven-error-diagnostics-2.2.1.pom (1.7 kB at 13 kB/s)
[INFO] Downloading from central: https://repo.maven.apache.org/maven2/commons-cli/commons-cli/1.2/commons-cli-1.2.pom
[INFO] Downloaded from central: https://repo.maven.apache.org/maven2/commons-cli/commons-cli/1.2/commons-cli-1.2.pom (8.0 kB at 60 kB/s)
[INFO] Downloading from central: https://repo.maven.apache.org/maven2/org/apache/commons/commons-parent/11/commons-parent-11.pom
[INFO] Downloaded from central: https://repo.maven.apache.org/maven2/org/apache/commons/commons-parent/11/commons-parent-11.pom (25 kB at 174 kB/s)
[INFO] Downloading from central: https://repo.maven.apache.org/maven2/org/apache/apache/4/apache-4.pom
[INFO] Downloaded from central: https://repo.maven.apache.org/maven2/org/apache/apache/4/apache-4.pom (4.5 kB at 33 kB/s)
[INFO] Downloading from central: https://repo.maven.apache.org/maven2/org/apache/maven/maven-plugin-descriptor/2.2.1/maven-plugin-descriptor-2.2.1.pom
[INFO] Downloaded from central: https://repo.maven.apache.org/maven2/org/apache/maven/maven-plugin-descriptor/2.2.1/maven-plugin-descriptor-2.2.1.pom (2.1 kB at 15 kB/s)
[INFO] Downloading from central: https://repo.maven.apache.org/maven2/org/apache/maven/maven-monitor/2.2.1/maven-monitor-2.2.1.pom
[INFO] Downloaded from central: https://repo.maven.apache.org/maven2/org/apache/maven/maven-monitor/2.2.1/maven-monitor-2.2.1.pom (1.3 kB at 8.2 kB/s)
[INFO] Downloading from central: https://repo.maven.apache.org/maven2/org/sonatype/plexus/plexus-sec-dispatcher/1.3/plexus-sec-dispatcher-1.3.pom
[INFO] Downloaded from central: https://repo.maven.apache.org/maven2/org/sonatype/plexus/plexus-sec-dispatcher/1.3/plexus-sec-dispatcher-1.3.pom (3.0 kB at 22 kB/s)
[INFO] Downloading from central: https://repo.maven.apache.org/maven2/org/sonatype/spice/spice-parent/12/spice-parent-12.pom
[INFO] Downloaded from central: https://repo.maven.apache.org/maven2/org/sonatype/spice/spice-parent/12/spice-parent-12.pom (6.8 kB at 51 kB/s)
[INFO] Downloading from central: https://repo.maven.apache.org/maven2/org/sonatype/forge/forge-parent/4/forge-parent-4.pom
[INFO] Downloaded from central: https://repo.maven.apache.org/maven2/org/sonatype/forge/forge-parent/4/forge-parent-4.pom (8.4 kB at 69 kB/s)
[INFO] Downloading from central: https://repo.maven.apache.org/maven2/org/codehaus/plexus/plexus-utils/1.5.5/plexus-utils-1.5.5.pom
[INFO] Downloaded from central: https://repo.maven.apache.org/maven2/org/codehaus/plexus/plexus-utils/1.5.5/plexus-utils-1.5.5.pom (5.1 kB at 39 kB/s)
[INFO] Downloading from central: https://repo.maven.apache.org/maven2/org/sonatype/plexus/plexus-cipher/1.4/plexus-cipher-1.4.pom
[INFO] Downloaded from central: https://repo.maven.apache.org/maven2/org/sonatype/plexus/plexus-cipher/1.4/plexus-cipher-1.4.pom (2.1 kB at 15 kB/s)
[INFO] Downloading from central: https://repo.maven.apache.org/maven2/org/codehaus/plexus/plexus-utils/3.0.15/plexus-utils-3.0.15.pom
[INFO] Downloaded from central: https://repo.maven.apache.org/maven2/org/codehaus/plexus/plexus-utils/3.0.15/plexus-utils-3.0.15.pom (3.1 kB at 24 kB/s)
[INFO] Downloading from central: https://repo.maven.apache.org/maven2/org/apache/commons/commons-exec/1.2/commons-exec-1.2.pom
[INFO] Downloaded from central: https://repo.maven.apache.org/maven2/org/apache/commons/commons-exec/1.2/commons-exec-1.2.pom (11 kB at 28 kB/s)
[INFO] Downloading from central: https://repo.maven.apache.org/maven2/org/apache/commons/commons-parent/32/commons-parent-32.pom
[INFO] Downloaded from central: https://repo.maven.apache.org/maven2/org/apache/commons/commons-parent/32/commons-parent-32.pom (53 kB at 334 kB/s)
[INFO] Downloading from central: https://repo.maven.apache.org/maven2/org/apache/apache/13/apache-13.pom
[INFO] Downloaded from central: https://repo.maven.apache.org/maven2/org/apache/apache/13/apache-13.pom (14 kB at 105 kB/s)
[INFO] Downloading from central: https://repo.maven.apache.org/maven2/org/apache/maven/maven-toolchain/1.0/maven-toolchain-1.0.jar
[INFO] Downloading from central: https://repo.maven.apache.org/maven2/org/apache/maven/maven-core/2.2.1/maven-core-2.2.1.jar
[INFO] Downloading from central: https://repo.maven.apache.org/maven2/org/apache/maven/maven-plugin-parameter-documenter/2.2.1/maven-plugin-parameter-documenter-2.2.1.jar
[INFO] Downloading from central: https://repo.maven.apache.org/maven2/org/slf4j/slf4j-jdk14/1.5.6/slf4j-jdk14-1.5.6.jar
[INFO] Downloading from central: https://repo.maven.apache.org/maven2/org/slf4j/slf4j-api/1.5.6/slf4j-api-1.5.6.jar
[INFO] Downloaded from central: https://repo.maven.apache.org/maven2/org/slf4j/slf4j-jdk14/1.5.6/slf4j-jdk14-1.5.6.jar (8.8 kB at 46 kB/s)
[INFO] Downloaded from central: https://repo.maven.apache.org/maven2/org/apache/maven/maven-toolchain/1.0/maven-toolchain-1.0.jar (33 kB at 146 kB/s)
[INFO] Downloading from central: https://repo.maven.apache.org/maven2/org/slf4j/jcl-over-slf4j/1.5.6/jcl-over-slf4j-1.5.6.jar
[INFO] Downloading from central: https://repo.maven.apache.org/maven2/org/apache/maven/reporting/maven-reporting-api/2.2.1/maven-reporting-api-2.2.1.jar
[INFO] Downloaded from central: https://repo.maven.apache.org/maven2/org/slf4j/slf4j-api/1.5.6/slf4j-api-1.5.6.jar (22 kB at 115 kB/s)
[INFO] Downloading from central: https://repo.maven.apache.org/maven2/org/apache/maven/doxia/doxia-sink-api/1.1/doxia-sink-api-1.1.jar
[INFO] Downloaded from central: https://repo.maven.apache.org/maven2/org/apache/maven/maven-plugin-parameter-documenter/2.2.1/maven-plugin-parameter-documenter-2.2.1.jar (22 kB at 92 kB/s)
[INFO] Downloading from central: https://repo.maven.apache.org/maven2/org/apache/maven/doxia/doxia-logging-api/1.1/doxia-logging-api-1.1.jar
[INFO] Downloaded from central: https://repo.maven.apache.org/maven2/org/apache/maven/maven-core/2.2.1/maven-core-2.2.1.jar (178 kB at 523 kB/s)
[INFO] Downloading from central: https://repo.maven.apache.org/maven2/org/apache/maven/maven-error-diagnostics/2.2.1/maven-error-diagnostics-2.2.1.jar
[INFO] Downloaded from central: https://repo.maven.apache.org/maven2/org/slf4j/jcl-over-slf4j/1.5.6/jcl-over-slf4j-1.5.6.jar (17 kB at 53 kB/s)
[INFO] Downloading from central: https://repo.maven.apache.org/maven2/commons-cli/commons-cli/1.2/commons-cli-1.2.jar
[INFO] Downloaded from central: https://repo.maven.apache.org/maven2/org/apache/maven/reporting/maven-reporting-api/2.2.1/maven-reporting-api-2.2.1.jar (9.8 kB at 31 kB/s)
[INFO] Downloaded from central: https://repo.maven.apache.org/maven2/org/apache/maven/doxia/doxia-logging-api/1.1/doxia-logging-api-1.1.jar (11 kB at 37 kB/s)
[INFO] Downloading from central: https://repo.maven.apache.org/maven2/org/apache/maven/maven-plugin-descriptor/2.2.1/maven-plugin-descriptor-2.2.1.jar
[INFO] Downloading from central: https://repo.maven.apache.org/maven2/org/codehaus/plexus/plexus-interactivity-api/1.0-alpha-4/plexus-interactivity-api-1.0-alpha-4.jar
[INFO] Downloaded from central: https://repo.maven.apache.org/maven2/org/apache/maven/doxia/doxia-sink-api/1.1/doxia-sink-api-1.1.jar (13 kB at 40 kB/s)
[INFO] Downloading from central: https://repo.maven.apache.org/maven2/org/apache/maven/maven-monitor/2.2.1/maven-monitor-2.2.1.jar
[INFO] Downloaded from central: https://repo.maven.apache.org/maven2/org/apache/maven/maven-error-diagnostics/2.2.1/maven-error-diagnostics-2.2.1.jar (13 kB at 31 kB/s)
[INFO] Downloading from central: https://repo.maven.apache.org/maven2/classworlds/classworlds/1.1/classworlds-1.1.jar
[INFO] Downloaded from central: https://repo.maven.apache.org/maven2/commons-cli/commons-cli/1.2/commons-cli-1.2.jar (41 kB at 98 kB/s)
[INFO] Downloading from central: https://repo.maven.apache.org/maven2/org/sonatype/plexus/plexus-sec-dispatcher/1.3/plexus-sec-dispatcher-1.3.jar
[INFO] Downloaded from central: https://repo.maven.apache.org/maven2/org/apache/maven/maven-plugin-descriptor/2.2.1/maven-plugin-descriptor-2.2.1.jar (39 kB at 89 kB/s)
[INFO] Downloading from central: https://repo.maven.apache.org/maven2/org/sonatype/plexus/plexus-cipher/1.4/plexus-cipher-1.4.jar
[INFO] Downloaded from central: https://repo.maven.apache.org/maven2/org/codehaus/plexus/plexus-interactivity-api/1.0-alpha-4/plexus-interactivity-api-1.0-alpha-4.jar (13 kB at 30 kB/s)
[INFO] Downloading from central: https://repo.maven.apache.org/maven2/org/codehaus/plexus/plexus-utils/3.0.15/plexus-utils-3.0.15.jar
[INFO] Downloaded from central: https://repo.maven.apache.org/maven2/org/apache/maven/maven-monitor/2.2.1/maven-monitor-2.2.1.jar (10 kB at 23 kB/s)
[INFO] Downloading from central: https://repo.maven.apache.org/maven2/org/apache/commons/commons-exec/1.2/commons-exec-1.2.jar
[INFO] Downloaded from central: https://repo.maven.apache.org/maven2/org/sonatype/plexus/plexus-sec-dispatcher/1.3/plexus-sec-dispatcher-1.3.jar (29 kB at 52 kB/s)
[INFO] Downloaded from central: https://repo.maven.apache.org/maven2/classworlds/classworlds/1.1/classworlds-1.1.jar (38 kB at 69 kB/s)
[INFO] Downloaded from central: https://repo.maven.apache.org/maven2/org/sonatype/plexus/plexus-cipher/1.4/plexus-cipher-1.4.jar (13 kB at 24 kB/s)
[INFO] Downloaded from central: https://repo.maven.apache.org/maven2/org/apache/commons/commons-exec/1.2/commons-exec-1.2.jar (54 kB at 86 kB/s)
[INFO] Downloaded from central: https://repo.maven.apache.org/maven2/org/codehaus/plexus/plexus-utils/3.0.15/plexus-utils-3.0.15.jar (239 kB at 374 kB/s)
-- The C compiler identification is AppleClang 13.0.0.13000029
-- Detecting C compiler ABI info
-- Detecting C compiler ABI info - done
-- Check for working C compiler: /Library/Developer/CommandLineTools/usr/bin/clang - skipped
-- Detecting C compile features
-- Detecting C compile features - done
-- CMake 3.22.1
CMake Deprecation Warning at crt/aws-c-common/CMakeLists.txt:17 (cmake_policy):
  The OLD behavior for policy CMP0077 will be removed from a future version
  of CMake.

  The cmake-policies(7) manual explains that the OLD behaviors of all
  policies are deprecated and that a policy should be set to OLD only under
  specific short-term circumstances.  Projects should be ported to the NEW
  behavior and not rely on setting a policy to OLD.


-- Performing Test AWS_HAVE_GCC_OVERFLOW_MATH_EXTENSIONS
-- Performing Test AWS_HAVE_GCC_OVERFLOW_MATH_EXTENSIONS - Success
-- Performing Test AWS_HAVE_MSVC_MULX
-- Performing Test AWS_HAVE_MSVC_MULX - Failed
-- Performing Test AWS_HAVE_WINAPI_DESKTOP
-- Performing Test AWS_HAVE_WINAPI_DESKTOP - Failed
-- Performing Test AWS_ARCH_INTEL
-- Performing Test AWS_ARCH_INTEL - Success
-- Performing Test AWS_ARCH_ARM64
-- Performing Test AWS_ARCH_ARM64 - Failed
-- Performing Test AWS_ARCH_ARM32
-- Performing Test AWS_ARCH_ARM32 - Failed
-- Performing Test AWS_HAVE_GCC_INLINE_ASM
-- Performing Test AWS_HAVE_GCC_INLINE_ASM - Success
-- Performing Test AWS_HAVE_AUXV
-- Performing Test AWS_HAVE_AUXV - Failed
-- Performing Test AWS_HAVE_EXECINFO
-- Performing Test AWS_HAVE_EXECINFO - Success
-- Performing Test HAVE_M_AVX2_FLAG
-- Performing Test HAVE_M_AVX2_FLAG - Success
-- Performing Test HAVE_AVX2_INTRINSICS
-- Performing Test HAVE_AVX2_INTRINSICS - Success
-- Performing Test HAVE_MM256_EXTRACT_EPI64
-- Performing Test HAVE_MM256_EXTRACT_EPI64 - Success
-- Looking for pthread.h
-- Looking for pthread.h - found
-- Performing Test CMAKE_HAVE_LIBC_PTHREAD
-- Performing Test CMAKE_HAVE_LIBC_PTHREAD - Success
-- Found Threads: TRUE  
-- Performing Test HAS_FPIC_FLAG
-- Performing Test HAS_FPIC_FLAG - Success
-- Performing Test HAS_MOUTLINE_ATOMICS
-- Performing Test HAS_MOUTLINE_ATOMICS - Failed
-- Performing Test HAS_64BIT_FILE_OFFSET_BY_DEFAULT
-- Performing Test HAS_64BIT_FILE_OFFSET_BY_DEFAULT - Success
-- Looking for fseeko
-- Looking for fseeko - found
-- Looking for stdint.h
-- Looking for stdint.h - found
-- Looking for stdbool.h
-- Looking for stdbool.h - found
-- Performing Test HAS_WGNU
-- Performing Test HAS_WGNU - Success
-- Performing Test NO_GNU_EXPR
-- Performing Test NO_GNU_EXPR - Success
-- Performing Test HAVE_SYSCONF
-- Performing Test HAVE_SYSCONF - Success
-- Performing Test HAS_SANITIZERS
-- Performing Test HAS_SANITIZERS - Success
-- attempting to use sanitizer list address;undefined
-- Building SIMD base64 decoder
-- Packaging is only supported on Linux
-- attempting to use sanitizer list address;undefined
-- attempting to use sanitizer list address;undefined
-- attempting to use sanitizer list address;undefined
-- attempting to use sanitizer list address;undefined
-- attempting to use sanitizer list address;undefined
-- attempting to use sanitizer list address;undefined
-- attempting to use sanitizer list address;undefined
-- attempting to use sanitizer list address;undefined
-- attempting to use sanitizer list address;undefined
-- attempting to use sanitizer list address;undefined
-- Compiling for osx-x86_64
-- JAVA_HOME=/Users/musatkd/dev/aws-crt-builder/aws-crt-java/target/cmake-build/deps/jdk8/jdk8u242-b08/Contents/Home
-- Found JNI: /Users/musatkd/dev/aws-crt-builder/aws-crt-java/target/cmake-build/deps/jdk8/jdk8u242-b08/Contents/Home/jre/lib/libjawt.dylib  
-- Configuring done
-- Generating done
CMake Warning:
  Manually-specified variables were not used by the project:

    GENERATOR_DUMMY
    S2N_NO_PQ_ASM
    TOOLSET_DUMMY


-- Build files have been written to: /Users/musatkd/dev/aws-crt-builder/aws-crt-java/target/cmake-build
[INFO] 
[INFO] --- exec-maven-plugin:1.3.2:exec (make) @ aws-crt ---
[  0%] Building C object crt/aws-c-common/CMakeFiles/aws-c-common.dir/source/allocator.c.o
[  1%] Building C object crt/aws-c-common/CMakeFiles/aws-c-common.dir/source/allocator_sba.c.o
[  1%] Building C object crt/aws-c-common/CMakeFiles/aws-c-common.dir/source/arch/intel/asm/cpuid.c.o
[  2%] Building C object crt/aws-c-common/CMakeFiles/aws-c-common.dir/source/arch/intel/cpuid.c.o
[  2%] Building C object crt/aws-c-common/CMakeFiles/aws-c-common.dir/source/array_list.c.o
[  3%] Building C object crt/aws-c-common/CMakeFiles/aws-c-common.dir/source/assert.c.o
[  3%] Building C object crt/aws-c-common/CMakeFiles/aws-c-common.dir/source/bus.c.o
[  4%] Building C object crt/aws-c-common/CMakeFiles/aws-c-common.dir/source/byte_buf.c.o
[  4%] Building C object crt/aws-c-common/CMakeFiles/aws-c-common.dir/source/cache.c.o
[  5%] Building C object crt/aws-c-common/CMakeFiles/aws-c-common.dir/source/codegen.c.o
[  5%] Building C object crt/aws-c-common/CMakeFiles/aws-c-common.dir/source/command_line_parser.c.o
[  6%] Building C object crt/aws-c-common/CMakeFiles/aws-c-common.dir/source/common.c.o
[  6%] Building C object crt/aws-c-common/CMakeFiles/aws-c-common.dir/source/condition_variable.c.o
[  6%] Building C object crt/aws-c-common/CMakeFiles/aws-c-common.dir/source/date_time.c.o
[  7%] Building C object crt/aws-c-common/CMakeFiles/aws-c-common.dir/source/device_random.c.o
[  7%] Building C object crt/aws-c-common/CMakeFiles/aws-c-common.dir/source/encoding.c.o
[  8%] Building C object crt/aws-c-common/CMakeFiles/aws-c-common.dir/source/error.c.o
[  8%] Building C object crt/aws-c-common/CMakeFiles/aws-c-common.dir/source/fifo_cache.c.o
[  9%] Building C object crt/aws-c-common/CMakeFiles/aws-c-common.dir/source/file.c.o
[  9%] Building C object crt/aws-c-common/CMakeFiles/aws-c-common.dir/source/hash_table.c.o
[ 10%] Building C object crt/aws-c-common/CMakeFiles/aws-c-common.dir/source/lifo_cache.c.o
[ 10%] Building C object crt/aws-c-common/CMakeFiles/aws-c-common.dir/source/linked_hash_table.c.o
[ 11%] Building C object crt/aws-c-common/CMakeFiles/aws-c-common.dir/source/log_channel.c.o
[ 11%] Building C object crt/aws-c-common/CMakeFiles/aws-c-common.dir/source/log_formatter.c.o
[ 12%] Building C object crt/aws-c-common/CMakeFiles/aws-c-common.dir/source/log_writer.c.o
[ 12%] Building C object crt/aws-c-common/CMakeFiles/aws-c-common.dir/source/logging.c.o
[ 12%] Building C object crt/aws-c-common/CMakeFiles/aws-c-common.dir/source/lru_cache.c.o
[ 13%] Building C object crt/aws-c-common/CMakeFiles/aws-c-common.dir/source/math.c.o
[ 13%] Building C object crt/aws-c-common/CMakeFiles/aws-c-common.dir/source/memtrace.c.o
[ 14%] Building C object crt/aws-c-common/CMakeFiles/aws-c-common.dir/source/posix/clock.c.o
[ 14%] Building C object crt/aws-c-common/CMakeFiles/aws-c-common.dir/source/posix/condition_variable.c.o
[ 15%] Building C object crt/aws-c-common/CMakeFiles/aws-c-common.dir/source/posix/device_random.c.o
[ 15%] Building C object crt/aws-c-common/CMakeFiles/aws-c-common.dir/source/posix/environment.c.o
[ 16%] Building C object crt/aws-c-common/CMakeFiles/aws-c-common.dir/source/posix/file.c.o
[ 16%] Building C object crt/aws-c-common/CMakeFiles/aws-c-common.dir/source/posix/mutex.c.o
[ 17%] Building C object crt/aws-c-common/CMakeFiles/aws-c-common.dir/source/posix/process.c.o
[ 17%] Building C object crt/aws-c-common/CMakeFiles/aws-c-common.dir/source/posix/rw_lock.c.o
[ 18%] Building C object crt/aws-c-common/CMakeFiles/aws-c-common.dir/source/posix/system_info.c.o
[ 18%] Building C object crt/aws-c-common/CMakeFiles/aws-c-common.dir/source/posix/thread.c.o
[ 18%] Building C object crt/aws-c-common/CMakeFiles/aws-c-common.dir/source/posix/time.c.o
[ 19%] Building C object crt/aws-c-common/CMakeFiles/aws-c-common.dir/source/priority_queue.c.o
[ 19%] Building C object crt/aws-c-common/CMakeFiles/aws-c-common.dir/source/process_common.c.o
[ 20%] Building C object crt/aws-c-common/CMakeFiles/aws-c-common.dir/source/promise.c.o
[ 20%] Building C object crt/aws-c-common/CMakeFiles/aws-c-common.dir/source/ref_count.c.o
[ 21%] Building C object crt/aws-c-common/CMakeFiles/aws-c-common.dir/source/ring_buffer.c.o
[ 21%] Building C object crt/aws-c-common/CMakeFiles/aws-c-common.dir/source/statistics.c.o
[ 22%] Building C object crt/aws-c-common/CMakeFiles/aws-c-common.dir/source/string.c.o
[ 22%] Building C object crt/aws-c-common/CMakeFiles/aws-c-common.dir/source/task_scheduler.c.o
[ 23%] Building C object crt/aws-c-common/CMakeFiles/aws-c-common.dir/source/thread_scheduler.c.o
[ 23%] Building C object crt/aws-c-common/CMakeFiles/aws-c-common.dir/source/thread_shared.c.o
[ 24%] Building C object crt/aws-c-common/CMakeFiles/aws-c-common.dir/source/uuid.c.o
[ 24%] Building C object crt/aws-c-common/CMakeFiles/aws-c-common.dir/source/xml_parser.c.o
[ 24%] Building C object crt/aws-c-common/CMakeFiles/aws-c-common.dir/source/arch/intel/encoding_avx2.c.o
[ 25%] Linking C static library libaws-c-common.a
[ 25%] Built target aws-c-common
[ 25%] Building C object crt/aws-c-compression/CMakeFiles/aws-c-compression.dir/source/compression.c.o
[ 26%] Building C object crt/aws-c-compression/CMakeFiles/aws-c-compression.dir/source/huffman.c.o
[ 26%] Building C object crt/aws-c-compression/CMakeFiles/aws-c-compression.dir/source/huffman_testing.c.o
[ 27%] Linking C static library libaws-c-compression.a
[ 27%] Built target aws-c-compression
[ 28%] Building C object crt/aws-c-cal/CMakeFiles/aws-c-cal.dir/source/cal.c.o
[ 28%] Building C object crt/aws-c-cal/CMakeFiles/aws-c-cal.dir/source/darwin/commoncrypto_hmac.c.o
[ 29%] Building C object crt/aws-c-cal/CMakeFiles/aws-c-cal.dir/source/darwin/commoncrypto_md5.c.o
[ 29%] Building C object crt/aws-c-cal/CMakeFiles/aws-c-cal.dir/source/darwin/commoncrypto_platform_init.c.o
[ 30%] Building C object crt/aws-c-cal/CMakeFiles/aws-c-cal.dir/source/darwin/commoncrypto_sha1.c.o
[ 30%] Building C object crt/aws-c-cal/CMakeFiles/aws-c-cal.dir/source/darwin/commoncrypto_sha256.c.o
[ 31%] Building C object crt/aws-c-cal/CMakeFiles/aws-c-cal.dir/source/darwin/securityframework_ecc.c.o
[ 31%] Building C object crt/aws-c-cal/CMakeFiles/aws-c-cal.dir/source/der.c.o
[ 32%] Building C object crt/aws-c-cal/CMakeFiles/aws-c-cal.dir/source/ecc.c.o
[ 32%] Building C object crt/aws-c-cal/CMakeFiles/aws-c-cal.dir/source/hash.c.o
[ 32%] Building C object crt/aws-c-cal/CMakeFiles/aws-c-cal.dir/source/hmac.c.o
[ 33%] Linking C static library libaws-c-cal.a
[ 33%] Built target aws-c-cal
[ 33%] Building C object crt/aws-c-io/CMakeFiles/aws-c-io.dir/source/alpn_handler.c.o
[ 34%] Building C object crt/aws-c-io/CMakeFiles/aws-c-io.dir/source/bsd/kqueue_event_loop.c.o
[ 34%] Building C object crt/aws-c-io/CMakeFiles/aws-c-io.dir/source/channel.c.o
[ 35%] Building C object crt/aws-c-io/CMakeFiles/aws-c-io.dir/source/channel_bootstrap.c.o
[ 35%] Building C object crt/aws-c-io/CMakeFiles/aws-c-io.dir/source/darwin/darwin_pki_utils.c.o
[ 35%] Building C object crt/aws-c-io/CMakeFiles/aws-c-io.dir/source/darwin/secure_transport_tls_channel_handler.c.o
[ 36%] Building C object crt/aws-c-io/CMakeFiles/aws-c-io.dir/source/event_loop.c.o
[ 36%] Building C object crt/aws-c-io/CMakeFiles/aws-c-io.dir/source/exponential_backoff_retry_strategy.c.o
[ 37%] Building C object crt/aws-c-io/CMakeFiles/aws-c-io.dir/source/host_resolver.c.o
[ 37%] Building C object crt/aws-c-io/CMakeFiles/aws-c-io.dir/source/io.c.o
[ 38%] Building C object crt/aws-c-io/CMakeFiles/aws-c-io.dir/source/message_pool.c.o
[ 38%] Building C object crt/aws-c-io/CMakeFiles/aws-c-io.dir/source/pem_utils.c.o
[ 39%] Building C object crt/aws-c-io/CMakeFiles/aws-c-io.dir/source/pkcs11.c.o
[ 39%] Building C object crt/aws-c-io/CMakeFiles/aws-c-io.dir/source/pki_utils.c.o
[ 40%] Building C object crt/aws-c-io/CMakeFiles/aws-c-io.dir/source/posix/host_resolver.c.o
[ 40%] Building C object crt/aws-c-io/CMakeFiles/aws-c-io.dir/source/posix/pipe.c.o
[ 41%] Building C object crt/aws-c-io/CMakeFiles/aws-c-io.dir/source/posix/shared_library.c.o
[ 41%] Building C object crt/aws-c-io/CMakeFiles/aws-c-io.dir/source/posix/socket.c.o
[ 41%] Building C object crt/aws-c-io/CMakeFiles/aws-c-io.dir/source/retry_strategy.c.o
[ 42%] Building C object crt/aws-c-io/CMakeFiles/aws-c-io.dir/source/socket_channel_handler.c.o
[ 42%] Building C object crt/aws-c-io/CMakeFiles/aws-c-io.dir/source/standard_retry_strategy.c.o
[ 43%] Building C object crt/aws-c-io/CMakeFiles/aws-c-io.dir/source/statistics.c.o
[ 43%] Building C object crt/aws-c-io/CMakeFiles/aws-c-io.dir/source/stream.c.o
[ 44%] Building C object crt/aws-c-io/CMakeFiles/aws-c-io.dir/source/tls_channel_handler.c.o
[ 44%] Building C object crt/aws-c-io/CMakeFiles/aws-c-io.dir/source/tls_channel_handler_shared.c.o
[ 45%] Building C object crt/aws-c-io/CMakeFiles/aws-c-io.dir/source/uri.c.o
[ 45%] Linking C static library libaws-c-io.a
[ 45%] Built target aws-c-io
[ 45%] Building C object crt/aws-c-http/CMakeFiles/aws-c-http.dir/source/connection.c.o
[ 46%] Building C object crt/aws-c-http/CMakeFiles/aws-c-http.dir/source/connection_manager.c.o
[ 46%] Building C object crt/aws-c-http/CMakeFiles/aws-c-http.dir/source/connection_monitor.c.o
[ 46%] Building C object crt/aws-c-http/CMakeFiles/aws-c-http.dir/source/h1_connection.c.o
[ 47%] Building C object crt/aws-c-http/CMakeFiles/aws-c-http.dir/source/h1_decoder.c.o
[ 47%] Building C object crt/aws-c-http/CMakeFiles/aws-c-http.dir/source/h1_encoder.c.o
[ 48%] Building C object crt/aws-c-http/CMakeFiles/aws-c-http.dir/source/h1_stream.c.o
[ 48%] Building C object crt/aws-c-http/CMakeFiles/aws-c-http.dir/source/h2_connection.c.o
[ 49%] Building C object crt/aws-c-http/CMakeFiles/aws-c-http.dir/source/h2_decoder.c.o
[ 49%] Building C object crt/aws-c-http/CMakeFiles/aws-c-http.dir/source/h2_frames.c.o
[ 50%] Building C object crt/aws-c-http/CMakeFiles/aws-c-http.dir/source/h2_stream.c.o
[ 50%] Building C object crt/aws-c-http/CMakeFiles/aws-c-http.dir/source/hpack.c.o
[ 51%] Building C object crt/aws-c-http/CMakeFiles/aws-c-http.dir/source/hpack_huffman_static.c.o
[ 51%] Building C object crt/aws-c-http/CMakeFiles/aws-c-http.dir/source/http.c.o
[ 52%] Building C object crt/aws-c-http/CMakeFiles/aws-c-http.dir/source/proxy_connection.c.o
[ 52%] Building C object crt/aws-c-http/CMakeFiles/aws-c-http.dir/source/proxy_strategy.c.o
[ 52%] Building C object crt/aws-c-http/CMakeFiles/aws-c-http.dir/source/request_response.c.o
[ 53%] Building C object crt/aws-c-http/CMakeFiles/aws-c-http.dir/source/statistics.c.o
[ 53%] Building C object crt/aws-c-http/CMakeFiles/aws-c-http.dir/source/strutil.c.o
[ 54%] Building C object crt/aws-c-http/CMakeFiles/aws-c-http.dir/source/websocket.c.o
[ 54%] Building C object crt/aws-c-http/CMakeFiles/aws-c-http.dir/source/websocket_bootstrap.c.o
[ 55%] Building C object crt/aws-c-http/CMakeFiles/aws-c-http.dir/source/websocket_decoder.c.o
[ 55%] Building C object crt/aws-c-http/CMakeFiles/aws-c-http.dir/source/websocket_encoder.c.o
[ 56%] Linking C static library libaws-c-http.a
[ 56%] Built target aws-c-http
[ 56%] Building C object crt/aws-c-sdkutils/CMakeFiles/aws-c-sdkutils.dir/source/aws_profile.c.o
[ 56%] Building C object crt/aws-c-sdkutils/CMakeFiles/aws-c-sdkutils.dir/source/resource_name.c.o
[ 57%] Building C object crt/aws-c-sdkutils/CMakeFiles/aws-c-sdkutils.dir/source/sdkutils.c.o
[ 57%] Linking C static library libaws-c-sdkutils.a
[ 57%] Built target aws-c-sdkutils
[ 57%] Building C object crt/aws-c-auth/CMakeFiles/aws-c-auth.dir/source/auth.c.o
[ 57%] Building C object crt/aws-c-auth/CMakeFiles/aws-c-auth.dir/source/aws_imds_client.c.o
[ 58%] Building C object crt/aws-c-auth/CMakeFiles/aws-c-auth.dir/source/aws_profile.c.o
[ 58%] Building C object crt/aws-c-auth/CMakeFiles/aws-c-auth.dir/source/aws_signing.c.o
[ 59%] Building C object crt/aws-c-auth/CMakeFiles/aws-c-auth.dir/source/credentials.c.o
[ 59%] Building C object crt/aws-c-auth/CMakeFiles/aws-c-auth.dir/source/credentials_provider_cached.c.o
[ 60%] Building C object crt/aws-c-auth/CMakeFiles/aws-c-auth.dir/source/credentials_provider_chain.c.o
[ 60%] Building C object crt/aws-c-auth/CMakeFiles/aws-c-auth.dir/source/credentials_provider_default_chain.c.o
[ 61%] Building C object crt/aws-c-auth/CMakeFiles/aws-c-auth.dir/source/credentials_provider_delegate.c.o
[ 61%] Building C object crt/aws-c-auth/CMakeFiles/aws-c-auth.dir/source/credentials_provider_ecs.c.o
[ 62%] Building C object crt/aws-c-auth/CMakeFiles/aws-c-auth.dir/source/credentials_provider_environment.c.o
[ 62%] Building C object crt/aws-c-auth/CMakeFiles/aws-c-auth.dir/source/credentials_provider_imds.c.o
[ 63%] Building C object crt/aws-c-auth/CMakeFiles/aws-c-auth.dir/source/credentials_provider_process.c.o
[ 63%] Building C object crt/aws-c-auth/CMakeFiles/aws-c-auth.dir/source/credentials_provider_profile.c.o
[ 63%] Building C object crt/aws-c-auth/CMakeFiles/aws-c-auth.dir/source/credentials_provider_static.c.o
[ 64%] Building C object crt/aws-c-auth/CMakeFiles/aws-c-auth.dir/source/credentials_provider_sts.c.o
[ 64%] Building C object crt/aws-c-auth/CMakeFiles/aws-c-auth.dir/source/credentials_provider_sts_web_identity.c.o
[ 65%] Building C object crt/aws-c-auth/CMakeFiles/aws-c-auth.dir/source/credentials_provider_x509.c.o
[ 65%] Building C object crt/aws-c-auth/CMakeFiles/aws-c-auth.dir/source/credentials_utils.c.o
[ 66%] Building C object crt/aws-c-auth/CMakeFiles/aws-c-auth.dir/source/external/cJSON.c.o
[ 66%] Building C object crt/aws-c-auth/CMakeFiles/aws-c-auth.dir/source/key_derivation.c.o
[ 67%] Building C object crt/aws-c-auth/CMakeFiles/aws-c-auth.dir/source/signable.c.o
[ 67%] Building C object crt/aws-c-auth/CMakeFiles/aws-c-auth.dir/source/signable_chunk.c.o
[ 68%] Building C object crt/aws-c-auth/CMakeFiles/aws-c-auth.dir/source/signable_http_request.c.o
[ 68%] Building C object crt/aws-c-auth/CMakeFiles/aws-c-auth.dir/source/signable_trailer.c.o
[ 69%] Building C object crt/aws-c-auth/CMakeFiles/aws-c-auth.dir/source/signing.c.o
[ 69%] Building C object crt/aws-c-auth/CMakeFiles/aws-c-auth.dir/source/signing_config.c.o
[ 69%] Building C object crt/aws-c-auth/CMakeFiles/aws-c-auth.dir/source/signing_result.c.o
[ 70%] Building C object crt/aws-c-auth/CMakeFiles/aws-c-auth.dir/source/sigv4_http_request.c.o
[ 70%] Linking C static library libaws-c-auth.a
[ 70%] Built target aws-c-auth
[ 71%] Building C object crt/aws-c-s3/CMakeFiles/aws-c-s3.dir/source/s3.c.o
[ 71%] Building C object crt/aws-c-s3/CMakeFiles/aws-c-s3.dir/source/s3_auto_ranged_get.c.o
[ 72%] Building C object crt/aws-c-s3/CMakeFiles/aws-c-s3.dir/source/s3_auto_ranged_put.c.o
[ 72%] Building C object crt/aws-c-s3/CMakeFiles/aws-c-s3.dir/source/s3_client.c.o
[ 73%] Building C object crt/aws-c-s3/CMakeFiles/aws-c-s3.dir/source/s3_default_meta_request.c.o
[ 73%] Building C object crt/aws-c-s3/CMakeFiles/aws-c-s3.dir/source/s3_endpoint.c.o
[ 74%] Building C object crt/aws-c-s3/CMakeFiles/aws-c-s3.dir/source/s3_meta_request.c.o
[ 74%] Building C object crt/aws-c-s3/CMakeFiles/aws-c-s3.dir/source/s3_request.c.o
[ 75%] Building C object crt/aws-c-s3/CMakeFiles/aws-c-s3.dir/source/s3_request_messages.c.o
[ 75%] Building C object crt/aws-c-s3/CMakeFiles/aws-c-s3.dir/source/s3_util.c.o
[ 76%] Linking C static library libaws-c-s3.a
[ 76%] Built target aws-c-s3
[ 77%] Building C object crt/aws-c-mqtt/CMakeFiles/aws-c-mqtt.dir/source/client.c.o
[ 77%] Building C object crt/aws-c-mqtt/CMakeFiles/aws-c-mqtt.dir/source/client_channel_handler.c.o
[ 78%] Building C object crt/aws-c-mqtt/CMakeFiles/aws-c-mqtt.dir/source/fixed_header.c.o
[ 78%] Building C object crt/aws-c-mqtt/CMakeFiles/aws-c-mqtt.dir/source/mqtt.c.o
[ 79%] Building C object crt/aws-c-mqtt/CMakeFiles/aws-c-mqtt.dir/source/packets.c.o
[ 79%] Building C object crt/aws-c-mqtt/CMakeFiles/aws-c-mqtt.dir/source/topic_tree.c.o
[ 79%] Linking C static library libaws-c-mqtt.a
[ 79%] Built target aws-c-mqtt
[ 80%] Building C object crt/aws-checksums/CMakeFiles/aws-checksums.dir/source/crc.c.o
[ 80%] Building C object crt/aws-checksums/CMakeFiles/aws-checksums.dir/source/crc_sw.c.o
[ 81%] Building C object crt/aws-checksums/CMakeFiles/aws-checksums.dir/source/intel/asm/crc32c_sse42_asm.c.o
[ 81%] Linking C static library libaws-checksums.a
[ 81%] Built target aws-checksums
[ 81%] Building C object crt/aws-c-event-stream/CMakeFiles/aws-c-event-stream.dir/source/event_stream.c.o
[ 82%] Building C object crt/aws-c-event-stream/CMakeFiles/aws-c-event-stream.dir/source/event_stream_channel_handler.c.o
[ 82%] Building C object crt/aws-c-event-stream/CMakeFiles/aws-c-event-stream.dir/source/event_stream_rpc.c.o
[ 83%] Building C object crt/aws-c-event-stream/CMakeFiles/aws-c-event-stream.dir/source/event_stream_rpc_client.c.o
[ 83%] Building C object crt/aws-c-event-stream/CMakeFiles/aws-c-event-stream.dir/source/event_stream_rpc_server.c.o
[ 84%] Linking C static library ../../lib/libaws-c-event-stream.a
[ 84%] Built target aws-c-event-stream
[ 85%] Building C object CMakeFiles/aws-crt-jni.dir/src/native/aws_signing.c.o
[ 85%] Building C object CMakeFiles/aws-crt-jni.dir/src/native/checksums.c.o
[ 86%] Building C object CMakeFiles/aws-crt-jni.dir/src/native/client_bootstrap.c.o
[ 86%] Building C object CMakeFiles/aws-crt-jni.dir/src/native/credentials.c.o
[ 87%] Building C object CMakeFiles/aws-crt-jni.dir/src/native/credentials_provider.c.o
[ 87%] Building C object CMakeFiles/aws-crt-jni.dir/src/native/crt.c.o
[ 87%] Building C object CMakeFiles/aws-crt-jni.dir/src/native/ecc_key_pair.c.o
[ 88%] Building C object CMakeFiles/aws-crt-jni.dir/src/native/event_loop_group.c.o
[ 88%] Building C object CMakeFiles/aws-crt-jni.dir/src/native/event_stream_message.c.o
[ 89%] Building C object CMakeFiles/aws-crt-jni.dir/src/native/event_stream_rpc_client.c.o
[ 89%] Building C object CMakeFiles/aws-crt-jni.dir/src/native/event_stream_rpc_server.c.o
[ 90%] Building C object CMakeFiles/aws-crt-jni.dir/src/native/host_resolver.c.o
[ 90%] Building C object CMakeFiles/aws-crt-jni.dir/src/native/http_connection_manager.c.o
[ 91%] Building C object CMakeFiles/aws-crt-jni.dir/src/native/http_request_response.c.o
[ 91%] Building C object CMakeFiles/aws-crt-jni.dir/src/native/http_request_utils.c.o
[ 92%] Building C object CMakeFiles/aws-crt-jni.dir/src/native/java_class_ids.c.o
[ 92%] Building C object CMakeFiles/aws-crt-jni.dir/src/native/jni.c.o
[ 93%] Building C object CMakeFiles/aws-crt-jni.dir/src/native/logging.c.o
[ 93%] Building C object CMakeFiles/aws-crt-jni.dir/src/native/mqtt_client.c.o
[ 93%] Building C object CMakeFiles/aws-crt-jni.dir/src/native/mqtt_connection.c.o
[ 94%] Building C object CMakeFiles/aws-crt-jni.dir/src/native/pkcs11_lib.c.o
[ 94%] Building C object CMakeFiles/aws-crt-jni.dir/src/native/process.c.o
[ 95%] Building C object CMakeFiles/aws-crt-jni.dir/src/native/retry_utils.c.o
[ 95%] Building C object CMakeFiles/aws-crt-jni.dir/src/native/s3_client.c.o
[ 96%] Building C object CMakeFiles/aws-crt-jni.dir/src/native/server_bootstrap.c.o
[ 96%] Building C object CMakeFiles/aws-crt-jni.dir/src/native/socket_options.c.o
[ 97%] Building C object CMakeFiles/aws-crt-jni.dir/src/native/system_info.c.o
[ 97%] Building C object CMakeFiles/aws-crt-jni.dir/src/native/tls_connection_options.c.o
[ 98%] Building C object CMakeFiles/aws-crt-jni.dir/src/native/tls_context_options.c.o
[ 98%] Building C object CMakeFiles/aws-crt-jni.dir/src/native/tls_context_pkcs11_options.c.o
[ 99%] Building C object CMakeFiles/aws-crt-jni.dir/src/native/tls_ctx.c.o
[ 99%] Building C object CMakeFiles/aws-crt-jni.dir/src/native/uri.c.o
[100%] Linking C shared library lib/osx/x86_64/libaws-crt-jni.dylib
[100%] Built target aws-crt-jni
[INFO] 
[INFO] --- maven-resources-plugin:2.6:resources (default-resources) @ aws-crt ---
[INFO] Downloading from central: https://repo.maven.apache.org/maven2/org/apache/maven/maven-plugin-api/2.0.6/maven-plugin-api-2.0.6.pom
[INFO] Downloaded from central: https://repo.maven.apache.org/maven2/org/apache/maven/maven-plugin-api/2.0.6/maven-plugin-api-2.0.6.pom (1.5 kB at 3.3 kB/s)
[INFO] Downloading from central: https://repo.maven.apache.org/maven2/org/codehaus/plexus/plexus-utils/2.0.5/plexus-utils-2.0.5.pom
[INFO] Downloaded from central: https://repo.maven.apache.org/maven2/org/codehaus/plexus/plexus-utils/2.0.5/plexus-utils-2.0.5.pom (3.3 kB at 25 kB/s)
[INFO] Downloading from central: https://repo.maven.apache.org/maven2/org/codehaus/plexus/plexus/2.0.6/plexus-2.0.6.pom
[INFO] Downloaded from central: https://repo.maven.apache.org/maven2/org/codehaus/plexus/plexus/2.0.6/plexus-2.0.6.pom (17 kB at 120 kB/s)
[INFO] Downloading from central: https://repo.maven.apache.org/maven2/org/apache/maven/shared/maven-filtering/1.1/maven-filtering-1.1.pom
[INFO] Downloaded from central: https://repo.maven.apache.org/maven2/org/apache/maven/shared/maven-filtering/1.1/maven-filtering-1.1.pom (5.8 kB at 40 kB/s)
[INFO] Downloading from central: https://repo.maven.apache.org/maven2/org/apache/maven/shared/maven-shared-components/17/maven-shared-components-17.pom
[INFO] Downloaded from central: https://repo.maven.apache.org/maven2/org/apache/maven/shared/maven-shared-components/17/maven-shared-components-17.pom (8.7 kB at 60 kB/s)
[INFO] Downloading from central: https://repo.maven.apache.org/maven2/org/apache/maven/maven-parent/21/maven-parent-21.pom
[INFO] Downloaded from central: https://repo.maven.apache.org/maven2/org/apache/maven/maven-parent/21/maven-parent-21.pom (26 kB at 213 kB/s)
[INFO] Downloading from central: https://repo.maven.apache.org/maven2/org/apache/apache/10/apache-10.pom
[INFO] Downloaded from central: https://repo.maven.apache.org/maven2/org/apache/apache/10/apache-10.pom (15 kB at 119 kB/s)
[INFO] Downloading from central: https://repo.maven.apache.org/maven2/org/codehaus/plexus/plexus-interpolation/1.12/plexus-interpolation-1.12.pom
[INFO] Downloaded from central: https://repo.maven.apache.org/maven2/org/codehaus/plexus/plexus-interpolation/1.12/plexus-interpolation-1.12.pom (889 B at 7.1 kB/s)
[INFO] Downloading from central: https://repo.maven.apache.org/maven2/org/sonatype/plexus/plexus-build-api/0.0.4/plexus-build-api-0.0.4.pom
[INFO] Downloaded from central: https://repo.maven.apache.org/maven2/org/sonatype/plexus/plexus-build-api/0.0.4/plexus-build-api-0.0.4.pom (2.9 kB at 24 kB/s)
[INFO] Downloading from central: https://repo.maven.apache.org/maven2/org/sonatype/spice/spice-parent/10/spice-parent-10.pom
[INFO] Downloaded from central: https://repo.maven.apache.org/maven2/org/sonatype/spice/spice-parent/10/spice-parent-10.pom (3.0 kB at 23 kB/s)
[INFO] Downloading from central: https://repo.maven.apache.org/maven2/org/sonatype/forge/forge-parent/3/forge-parent-3.pom
[INFO] Downloaded from central: https://repo.maven.apache.org/maven2/org/sonatype/forge/forge-parent/3/forge-parent-3.pom (5.0 kB at 35 kB/s)
[INFO] Downloading from central: https://repo.maven.apache.org/maven2/org/codehaus/plexus/plexus-utils/1.5.8/plexus-utils-1.5.8.pom
[INFO] Downloaded from central: https://repo.maven.apache.org/maven2/org/codehaus/plexus/plexus-utils/1.5.8/plexus-utils-1.5.8.pom (8.1 kB at 65 kB/s)
[INFO] Downloading from central: https://repo.maven.apache.org/maven2/org/codehaus/plexus/plexus-interpolation/1.13/plexus-interpolation-1.13.pom
[INFO] Downloaded from central: https://repo.maven.apache.org/maven2/org/codehaus/plexus/plexus-interpolation/1.13/plexus-interpolation-1.13.pom (890 B at 7.0 kB/s)
[INFO] Downloading from central: https://repo.maven.apache.org/maven2/org/codehaus/plexus/plexus-components/1.1.15/plexus-components-1.1.15.pom
[INFO] Downloaded from central: https://repo.maven.apache.org/maven2/org/codehaus/plexus/plexus-components/1.1.15/plexus-components-1.1.15.pom (2.8 kB at 24 kB/s)
[INFO] Downloading from central: https://repo.maven.apache.org/maven2/org/codehaus/plexus/plexus/2.0.3/plexus-2.0.3.pom
[INFO] Downloaded from central: https://repo.maven.apache.org/maven2/org/codehaus/plexus/plexus/2.0.3/plexus-2.0.3.pom (15 kB at 111 kB/s)
[INFO] Downloading from central: https://repo.maven.apache.org/maven2/org/apache/maven/maven-plugin-api/2.0.6/maven-plugin-api-2.0.6.jar
[INFO] Downloading from central: https://repo.maven.apache.org/maven2/org/apache/maven/maven-project/2.0.6/maven-project-2.0.6.jar
[INFO] Downloading from central: https://repo.maven.apache.org/maven2/org/apache/maven/maven-profile/2.0.6/maven-profile-2.0.6.jar
[INFO] Downloading from central: https://repo.maven.apache.org/maven2/org/apache/maven/maven-artifact-manager/2.0.6/maven-artifact-manager-2.0.6.jar
[INFO] Downloading from central: https://repo.maven.apache.org/maven2/org/apache/maven/maven-plugin-registry/2.0.6/maven-plugin-registry-2.0.6.jar
[INFO] Downloaded from central: https://repo.maven.apache.org/maven2/org/apache/maven/maven-profile/2.0.6/maven-profile-2.0.6.jar (35 kB at 182 kB/s)
[INFO] Downloading from central: https://repo.maven.apache.org/maven2/org/apache/maven/maven-core/2.0.6/maven-core-2.0.6.jar
[INFO] Downloaded from central: https://repo.maven.apache.org/maven2/org/apache/maven/maven-plugin-api/2.0.6/maven-plugin-api-2.0.6.jar (13 kB at 65 kB/s)
[INFO] Downloading from central: https://repo.maven.apache.org/maven2/org/apache/maven/maven-plugin-parameter-documenter/2.0.6/maven-plugin-parameter-documenter-2.0.6.jar
[INFO] Downloaded from central: https://repo.maven.apache.org/maven2/org/apache/maven/maven-artifact-manager/2.0.6/maven-artifact-manager-2.0.6.jar (57 kB at 288 kB/s)
[INFO] Downloading from central: https://repo.maven.apache.org/maven2/org/apache/maven/reporting/maven-reporting-api/2.0.6/maven-reporting-api-2.0.6.jar
[INFO] Downloaded from central: https://repo.maven.apache.org/maven2/org/apache/maven/maven-project/2.0.6/maven-project-2.0.6.jar (116 kB at 360 kB/s)
[INFO] Downloading from central: https://repo.maven.apache.org/maven2/org/apache/maven/doxia/doxia-sink-api/1.0-alpha-7/doxia-sink-api-1.0-alpha-7.jar
[INFO] Downloaded from central: https://repo.maven.apache.org/maven2/org/apache/maven/maven-plugin-parameter-documenter/2.0.6/maven-plugin-parameter-documenter-2.0.6.jar (21 kB at 61 kB/s)
[INFO] Downloading from central: https://repo.maven.apache.org/maven2/org/apache/maven/maven-repository-metadata/2.0.6/maven-repository-metadata-2.0.6.jar
[INFO] Downloaded from central: https://repo.maven.apache.org/maven2/org/apache/maven/reporting/maven-reporting-api/2.0.6/maven-reporting-api-2.0.6.jar (9.9 kB at 28 kB/s)
[INFO] Downloading from central: https://repo.maven.apache.org/maven2/org/apache/maven/maven-error-diagnostics/2.0.6/maven-error-diagnostics-2.0.6.jar
[INFO] Downloaded from central: https://repo.maven.apache.org/maven2/org/apache/maven/maven-core/2.0.6/maven-core-2.0.6.jar (152 kB at 333 kB/s)
[INFO] Downloaded from central: https://repo.maven.apache.org/maven2/org/apache/maven/doxia/doxia-sink-api/1.0-alpha-7/doxia-sink-api-1.0-alpha-7.jar (5.9 kB at 13 kB/s)
[INFO] Downloading from central: https://repo.maven.apache.org/maven2/commons-cli/commons-cli/1.0/commons-cli-1.0.jar
[INFO] Downloading from central: https://repo.maven.apache.org/maven2/org/apache/maven/maven-plugin-descriptor/2.0.6/maven-plugin-descriptor-2.0.6.jar
[INFO] Downloaded from central: https://repo.maven.apache.org/maven2/org/apache/maven/maven-error-diagnostics/2.0.6/maven-error-diagnostics-2.0.6.jar (14 kB at 27 kB/s)
[INFO] Downloading from central: https://repo.maven.apache.org/maven2/org/apache/maven/maven-artifact/2.0.6/maven-artifact-2.0.6.jar
[INFO] Downloaded from central: https://repo.maven.apache.org/maven2/org/apache/maven/maven-repository-metadata/2.0.6/maven-repository-metadata-2.0.6.jar (24 kB at 48 kB/s)
[INFO] Downloading from central: https://repo.maven.apache.org/maven2/org/apache/maven/maven-settings/2.0.6/maven-settings-2.0.6.jar
[INFO] Downloaded from central: https://repo.maven.apache.org/maven2/org/apache/maven/maven-plugin-registry/2.0.6/maven-plugin-registry-2.0.6.jar (29 kB at 53 kB/s)
[INFO] Downloading from central: https://repo.maven.apache.org/maven2/org/apache/maven/maven-model/2.0.6/maven-model-2.0.6.jar
[INFO] Downloaded from central: https://repo.maven.apache.org/maven2/commons-cli/commons-cli/1.0/commons-cli-1.0.jar (30 kB at 50 kB/s)
[INFO] Downloading from central: https://repo.maven.apache.org/maven2/org/apache/maven/maven-monitor/2.0.6/maven-monitor-2.0.6.jar
[INFO] Downloaded from central: https://repo.maven.apache.org/maven2/org/apache/maven/maven-plugin-descriptor/2.0.6/maven-plugin-descriptor-2.0.6.jar (37 kB at 60 kB/s)
[INFO] Downloading from central: https://repo.maven.apache.org/maven2/org/codehaus/plexus/plexus-utils/2.0.5/plexus-utils-2.0.5.jar
[INFO] Downloaded from central: https://repo.maven.apache.org/maven2/org/apache/maven/maven-artifact/2.0.6/maven-artifact-2.0.6.jar (87 kB at 136 kB/s)
[INFO] Downloading from central: https://repo.maven.apache.org/maven2/org/apache/maven/shared/maven-filtering/1.1/maven-filtering-1.1.jar
[INFO] Downloaded from central: https://repo.maven.apache.org/maven2/org/apache/maven/maven-settings/2.0.6/maven-settings-2.0.6.jar (49 kB at 70 kB/s)
[INFO] Downloading from central: https://repo.maven.apache.org/maven2/org/sonatype/plexus/plexus-build-api/0.0.4/plexus-build-api-0.0.4.jar
[INFO] Downloaded from central: https://repo.maven.apache.org/maven2/org/apache/maven/maven-model/2.0.6/maven-model-2.0.6.jar (86 kB at 121 kB/s)
[INFO] Downloading from central: https://repo.maven.apache.org/maven2/org/codehaus/plexus/plexus-interpolation/1.13/plexus-interpolation-1.13.jar
[INFO] Downloaded from central: https://repo.maven.apache.org/maven2/org/apache/maven/maven-monitor/2.0.6/maven-monitor-2.0.6.jar (10 kB at 14 kB/s)
[INFO] Downloaded from central: https://repo.maven.apache.org/maven2/org/apache/maven/shared/maven-filtering/1.1/maven-filtering-1.1.jar (43 kB at 55 kB/s)
[INFO] Downloaded from central: https://repo.maven.apache.org/maven2/org/sonatype/plexus/plexus-build-api/0.0.4/plexus-build-api-0.0.4.jar (6.8 kB at 8.1 kB/s)
[INFO] Downloaded from central: https://repo.maven.apache.org/maven2/org/codehaus/plexus/plexus-interpolation/1.13/plexus-interpolation-1.13.jar (61 kB at 70 kB/s)
[INFO] Downloaded from central: https://repo.maven.apache.org/maven2/org/codehaus/plexus/plexus-utils/2.0.5/plexus-utils-2.0.5.jar (223 kB at 231 kB/s)
[INFO] Using 'UTF-8' encoding to copy filtered resources.
[INFO] Copying 1 resource
[INFO] 
[INFO] --- maven-compiler-plugin:3.8.1:compile (default-compile) @ aws-crt ---
[INFO] Downloading from central: https://repo.maven.apache.org/maven2/org/apache/maven/maven-plugin-api/3.0/maven-plugin-api-3.0.pom
[INFO] Downloaded from central: https://repo.maven.apache.org/maven2/org/apache/maven/maven-plugin-api/3.0/maven-plugin-api-3.0.pom (2.3 kB at 17 kB/s)
[INFO] Downloading from central: https://repo.maven.apache.org/maven2/org/apache/maven/maven/3.0/maven-3.0.pom
[INFO] Downloaded from central: https://repo.maven.apache.org/maven2/org/apache/maven/maven/3.0/maven-3.0.pom (22 kB at 174 kB/s)
[INFO] Downloading from central: https://repo.maven.apache.org/maven2/org/apache/maven/maven-parent/15/maven-parent-15.pom
[INFO] Downloaded from central: https://repo.maven.apache.org/maven2/org/apache/maven/maven-parent/15/maven-parent-15.pom (24 kB at 175 kB/s)
[INFO] Downloading from central: https://repo.maven.apache.org/maven2/org/apache/apache/6/apache-6.pom
[INFO] Downloaded from central: https://repo.maven.apache.org/maven2/org/apache/apache/6/apache-6.pom (13 kB at 95 kB/s)
[INFO] Downloading from central: https://repo.maven.apache.org/maven2/org/apache/maven/maven-model/3.0/maven-model-3.0.pom
[INFO] Downloaded from central: https://repo.maven.apache.org/maven2/org/apache/maven/maven-model/3.0/maven-model-3.0.pom (3.9 kB at 30 kB/s)
[INFO] Downloading from central: https://repo.maven.apache.org/maven2/org/codehaus/plexus/plexus-utils/2.0.4/plexus-utils-2.0.4.pom
[INFO] Downloaded from central: https://repo.maven.apache.org/maven2/org/codehaus/plexus/plexus-utils/2.0.4/plexus-utils-2.0.4.pom (3.3 kB at 22 kB/s)
[INFO] Downloading from central: https://repo.maven.apache.org/maven2/org/apache/maven/maven-artifact/3.0/maven-artifact-3.0.pom
[INFO] Downloaded from central: https://repo.maven.apache.org/maven2/org/apache/maven/maven-artifact/3.0/maven-artifact-3.0.pom (1.9 kB at 14 kB/s)
[INFO] Downloading from central: https://repo.maven.apache.org/maven2/org/sonatype/sisu/sisu-inject-plexus/1.4.2/sisu-inject-plexus-1.4.2.pom
[INFO] Downloaded from central: https://repo.maven.apache.org/maven2/org/sonatype/sisu/sisu-inject-plexus/1.4.2/sisu-inject-plexus-1.4.2.pom (5.4 kB at 39 kB/s)
[INFO] Downloading from central: https://repo.maven.apache.org/maven2/org/sonatype/sisu/inject/guice-plexus/1.4.2/guice-plexus-1.4.2.pom
[INFO] Downloaded from central: https://repo.maven.apache.org/maven2/org/sonatype/sisu/inject/guice-plexus/1.4.2/guice-plexus-1.4.2.pom (3.1 kB at 21 kB/s)
[INFO] Downloading from central: https://repo.maven.apache.org/maven2/org/sonatype/sisu/inject/guice-bean/1.4.2/guice-bean-1.4.2.pom
[INFO] Downloaded from central: https://repo.maven.apache.org/maven2/org/sonatype/sisu/inject/guice-bean/1.4.2/guice-bean-1.4.2.pom (2.6 kB at 21 kB/s)
[INFO] Downloading from central: https://repo.maven.apache.org/maven2/org/sonatype/sisu/sisu-inject/1.4.2/sisu-inject-1.4.2.pom
[INFO] Downloaded from central: https://repo.maven.apache.org/maven2/org/sonatype/sisu/sisu-inject/1.4.2/sisu-inject-1.4.2.pom (1.2 kB at 9.3 kB/s)
[INFO] Downloading from central: https://repo.maven.apache.org/maven2/org/sonatype/sisu/sisu-parent/1.4.2/sisu-parent-1.4.2.pom
[INFO] Downloaded from central: https://repo.maven.apache.org/maven2/org/sonatype/sisu/sisu-parent/1.4.2/sisu-parent-1.4.2.pom (7.8 kB at 59 kB/s)
[INFO] Downloading from central: https://repo.maven.apache.org/maven2/org/sonatype/forge/forge-parent/6/forge-parent-6.pom
[INFO] Downloaded from central: https://repo.maven.apache.org/maven2/org/sonatype/forge/forge-parent/6/forge-parent-6.pom (11 kB at 85 kB/s)
[INFO] Downloading from central: https://repo.maven.apache.org/maven2/org/codehaus/plexus/plexus-component-annotations/1.7.1/plexus-component-annotations-1.7.1.pom
[INFO] Downloaded from central: https://repo.maven.apache.org/maven2/org/codehaus/plexus/plexus-component-annotations/1.7.1/plexus-component-annotations-1.7.1.pom (770 B at 6.2 kB/s)
[INFO] Downloading from central: https://repo.maven.apache.org/maven2/org/codehaus/plexus/plexus-containers/1.7.1/plexus-containers-1.7.1.pom
[INFO] Downloaded from central: https://repo.maven.apache.org/maven2/org/codehaus/plexus/plexus-containers/1.7.1/plexus-containers-1.7.1.pom (5.0 kB at 38 kB/s)
[INFO] Downloading from central: https://repo.maven.apache.org/maven2/org/codehaus/plexus/plexus/4.0/plexus-4.0.pom
[INFO] Downloaded from central: https://repo.maven.apache.org/maven2/org/codehaus/plexus/plexus/4.0/plexus-4.0.pom (22 kB at 159 kB/s)
[INFO] Downloading from central: https://repo.maven.apache.org/maven2/org/codehaus/plexus/plexus-classworlds/2.2.3/plexus-classworlds-2.2.3.pom
[INFO] Downloaded from central: https://repo.maven.apache.org/maven2/org/codehaus/plexus/plexus-classworlds/2.2.3/plexus-classworlds-2.2.3.pom (4.0 kB at 34 kB/s)
[INFO] Downloading from central: https://repo.maven.apache.org/maven2/org/sonatype/sisu/sisu-inject-bean/1.4.2/sisu-inject-bean-1.4.2.pom
[INFO] Downloaded from central: https://repo.maven.apache.org/maven2/org/sonatype/sisu/sisu-inject-bean/1.4.2/sisu-inject-bean-1.4.2.pom (5.5 kB at 43 kB/s)
[INFO] Downloading from central: https://repo.maven.apache.org/maven2/org/sonatype/sisu/sisu-guice/2.1.7/sisu-guice-2.1.7.pom
[INFO] Downloaded from central: https://repo.maven.apache.org/maven2/org/sonatype/sisu/sisu-guice/2.1.7/sisu-guice-2.1.7.pom (11 kB at 86 kB/s)
[INFO] Downloading from central: https://repo.maven.apache.org/maven2/org/apache/maven/maven-core/3.0/maven-core-3.0.pom
[INFO] Downloaded from central: https://repo.maven.apache.org/maven2/org/apache/maven/maven-core/3.0/maven-core-3.0.pom (6.6 kB at 54 kB/s)
[INFO] Downloading from central: https://repo.maven.apache.org/maven2/org/apache/maven/maven-settings/3.0/maven-settings-3.0.pom
[INFO] Downloaded from central: https://repo.maven.apache.org/maven2/org/apache/maven/maven-settings/3.0/maven-settings-3.0.pom (1.9 kB at 15 kB/s)
[INFO] Downloading from central: https://repo.maven.apache.org/maven2/org/apache/maven/maven-settings-builder/3.0/maven-settings-builder-3.0.pom
[INFO] Downloaded from central: https://repo.maven.apache.org/maven2/org/apache/maven/maven-settings-builder/3.0/maven-settings-builder-3.0.pom (2.2 kB at 16 kB/s)
[INFO] Downloading from central: https://repo.maven.apache.org/maven2/org/codehaus/plexus/plexus-interpolation/1.14/plexus-interpolation-1.14.pom
[INFO] Downloaded from central: https://repo.maven.apache.org/maven2/org/codehaus/plexus/plexus-interpolation/1.14/plexus-interpolation-1.14.pom (910 B at 6.7 kB/s)
[INFO] Downloading from central: https://repo.maven.apache.org/maven2/org/codehaus/plexus/plexus-components/1.1.18/plexus-components-1.1.18.pom
[INFO] Downloaded from central: https://repo.maven.apache.org/maven2/org/codehaus/plexus/plexus-components/1.1.18/plexus-components-1.1.18.pom (5.4 kB at 41 kB/s)
[INFO] Downloading from central: https://repo.maven.apache.org/maven2/org/codehaus/plexus/plexus/2.0.7/plexus-2.0.7.pom
[INFO] Downloaded from central: https://repo.maven.apache.org/maven2/org/codehaus/plexus/plexus/2.0.7/plexus-2.0.7.pom (17 kB at 108 kB/s)
[INFO] Downloading from central: https://repo.maven.apache.org/maven2/org/apache/maven/maven-repository-metadata/3.0/maven-repository-metadata-3.0.pom
[INFO] Downloaded from central: https://repo.maven.apache.org/maven2/org/apache/maven/maven-repository-metadata/3.0/maven-repository-metadata-3.0.pom (1.9 kB at 13 kB/s)
[INFO] Downloading from central: https://repo.maven.apache.org/maven2/org/apache/maven/maven-model-builder/3.0/maven-model-builder-3.0.pom
[INFO] Downloaded from central: https://repo.maven.apache.org/maven2/org/apache/maven/maven-model-builder/3.0/maven-model-builder-3.0.pom (2.2 kB at 14 kB/s)
[INFO] Downloading from central: https://repo.maven.apache.org/maven2/org/apache/maven/maven-aether-provider/3.0/maven-aether-provider-3.0.pom
[INFO] Downloaded from central: https://repo.maven.apache.org/maven2/org/apache/maven/maven-aether-provider/3.0/maven-aether-provider-3.0.pom (2.5 kB at 19 kB/s)
[INFO] Downloading from central: https://repo.maven.apache.org/maven2/org/sonatype/aether/aether-api/1.7/aether-api-1.7.pom
[INFO] Downloaded from central: https://repo.maven.apache.org/maven2/org/sonatype/aether/aether-api/1.7/aether-api-1.7.pom (1.7 kB at 11 kB/s)
[INFO] Downloading from central: https://repo.maven.apache.org/maven2/org/sonatype/aether/aether-parent/1.7/aether-parent-1.7.pom
[INFO] Downloaded from central: https://repo.maven.apache.org/maven2/org/sonatype/aether/aether-parent/1.7/aether-parent-1.7.pom (7.7 kB at 53 kB/s)
[INFO] Downloading from central: https://repo.maven.apache.org/maven2/org/sonatype/aether/aether-util/1.7/aether-util-1.7.pom
[INFO] Downloaded from central: https://repo.maven.apache.org/maven2/org/sonatype/aether/aether-util/1.7/aether-util-1.7.pom (2.1 kB at 15 kB/s)
[INFO] Downloading from central: https://repo.maven.apache.org/maven2/org/sonatype/aether/aether-impl/1.7/aether-impl-1.7.pom
[INFO] Downloaded from central: https://repo.maven.apache.org/maven2/org/sonatype/aether/aether-impl/1.7/aether-impl-1.7.pom (3.7 kB at 30 kB/s)
[INFO] Downloading from central: https://repo.maven.apache.org/maven2/org/sonatype/aether/aether-spi/1.7/aether-spi-1.7.pom
[INFO] Downloaded from central: https://repo.maven.apache.org/maven2/org/sonatype/aether/aether-spi/1.7/aether-spi-1.7.pom (1.7 kB at 13 kB/s)
[INFO] Downloading from central: https://repo.maven.apache.org/maven2/org/apache/maven/shared/maven-shared-utils/3.2.1/maven-shared-utils-3.2.1.pom
[INFO] Downloaded from central: https://repo.maven.apache.org/maven2/org/apache/maven/shared/maven-shared-utils/3.2.1/maven-shared-utils-3.2.1.pom (5.6 kB at 44 kB/s)
[INFO] Downloading from central: https://repo.maven.apache.org/maven2/org/apache/maven/shared/maven-shared-components/30/maven-shared-components-30.pom
[INFO] Downloaded from central: https://repo.maven.apache.org/maven2/org/apache/maven/shared/maven-shared-components/30/maven-shared-components-30.pom (4.6 kB at 38 kB/s)
[INFO] Downloading from central: https://repo.maven.apache.org/maven2/org/apache/maven/maven-parent/30/maven-parent-30.pom
[INFO] Downloaded from central: https://repo.maven.apache.org/maven2/org/apache/maven/maven-parent/30/maven-parent-30.pom (41 kB at 263 kB/s)
[INFO] Downloading from central: https://repo.maven.apache.org/maven2/org/apache/apache/18/apache-18.pom
[INFO] Downloaded from central: https://repo.maven.apache.org/maven2/org/apache/apache/18/apache-18.pom (16 kB at 108 kB/s)
[INFO] Downloading from central: https://repo.maven.apache.org/maven2/commons-io/commons-io/2.5/commons-io-2.5.pom
[INFO] Downloaded from central: https://repo.maven.apache.org/maven2/commons-io/commons-io/2.5/commons-io-2.5.pom (13 kB at 111 kB/s)
[INFO] Downloading from central: https://repo.maven.apache.org/maven2/org/apache/commons/commons-parent/39/commons-parent-39.pom
[INFO] Downloaded from central: https://repo.maven.apache.org/maven2/org/apache/commons/commons-parent/39/commons-parent-39.pom (62 kB at 323 kB/s)
[INFO] Downloading from central: https://repo.maven.apache.org/maven2/org/apache/maven/shared/maven-shared-incremental/1.1/maven-shared-incremental-1.1.pom
[INFO] Downloaded from central: https://repo.maven.apache.org/maven2/org/apache/maven/shared/maven-shared-incremental/1.1/maven-shared-incremental-1.1.pom (4.7 kB at 33 kB/s)
[INFO] Downloading from central: https://repo.maven.apache.org/maven2/org/apache/maven/shared/maven-shared-components/19/maven-shared-components-19.pom
[INFO] Downloaded from central: https://repo.maven.apache.org/maven2/org/apache/maven/shared/maven-shared-components/19/maven-shared-components-19.pom (6.4 kB at 53 kB/s)
[INFO] Downloading from central: https://repo.maven.apache.org/maven2/org/apache/maven/maven-parent/23/maven-parent-23.pom
[INFO] Downloaded from central: https://repo.maven.apache.org/maven2/org/apache/maven/maven-parent/23/maven-parent-23.pom (33 kB at 223 kB/s)
[INFO] Downloading from central: https://repo.maven.apache.org/maven2/org/apache/maven/shared/maven-shared-utils/0.1/maven-shared-utils-0.1.pom
[INFO] Downloaded from central: https://repo.maven.apache.org/maven2/org/apache/maven/shared/maven-shared-utils/0.1/maven-shared-utils-0.1.pom (4.0 kB at 28 kB/s)
[INFO] Downloading from central: https://repo.maven.apache.org/maven2/org/apache/maven/shared/maven-shared-components/18/maven-shared-components-18.pom
[INFO] Downloaded from central: https://repo.maven.apache.org/maven2/org/apache/maven/shared/maven-shared-components/18/maven-shared-components-18.pom (4.9 kB at 36 kB/s)
[INFO] Downloading from central: https://repo.maven.apache.org/maven2/com/google/code/findbugs/jsr305/2.0.1/jsr305-2.0.1.pom
[INFO] Downloaded from central: https://repo.maven.apache.org/maven2/com/google/code/findbugs/jsr305/2.0.1/jsr305-2.0.1.pom (965 B at 8.0 kB/s)
[INFO] Downloading from central: https://repo.maven.apache.org/maven2/org/codehaus/plexus/plexus-java/0.9.10/plexus-java-0.9.10.pom
[INFO] Downloaded from central: https://repo.maven.apache.org/maven2/org/codehaus/plexus/plexus-java/0.9.10/plexus-java-0.9.10.pom (5.1 kB at 41 kB/s)
[INFO] Downloading from central: https://repo.maven.apache.org/maven2/org/codehaus/plexus/plexus-languages/0.9.10/plexus-languages-0.9.10.pom
[INFO] Downloaded from central: https://repo.maven.apache.org/maven2/org/codehaus/plexus/plexus-languages/0.9.10/plexus-languages-0.9.10.pom (4.1 kB at 30 kB/s)
[INFO] Downloading from central: https://repo.maven.apache.org/maven2/org/ow2/asm/asm/6.2/asm-6.2.pom
[INFO] Downloaded from central: https://repo.maven.apache.org/maven2/org/ow2/asm/asm/6.2/asm-6.2.pom (2.9 kB at 23 kB/s)
[INFO] Downloading from central: https://repo.maven.apache.org/maven2/org/ow2/ow2/1.5/ow2-1.5.pom
[INFO] Downloaded from central: https://repo.maven.apache.org/maven2/org/ow2/ow2/1.5/ow2-1.5.pom (11 kB at 80 kB/s)
[INFO] Downloading from central: https://repo.maven.apache.org/maven2/com/thoughtworks/qdox/qdox/2.0-M9/qdox-2.0-M9.pom
[INFO] Downloaded from central: https://repo.maven.apache.org/maven2/com/thoughtworks/qdox/qdox/2.0-M9/qdox-2.0-M9.pom (16 kB at 120 kB/s)
[INFO] Downloading from central: https://repo.maven.apache.org/maven2/org/sonatype/oss/oss-parent/9/oss-parent-9.pom
[INFO] Downloaded from central: https://repo.maven.apache.org/maven2/org/sonatype/oss/oss-parent/9/oss-parent-9.pom (6.6 kB at 49 kB/s)
[INFO] Downloading from central: https://repo.maven.apache.org/maven2/org/codehaus/plexus/plexus-compiler-api/2.8.4/plexus-compiler-api-2.8.4.pom
[INFO] Downloaded from central: https://repo.maven.apache.org/maven2/org/codehaus/plexus/plexus-compiler-api/2.8.4/plexus-compiler-api-2.8.4.pom (867 B at 6.4 kB/s)
[INFO] Downloading from central: https://repo.maven.apache.org/maven2/org/codehaus/plexus/plexus-compiler/2.8.4/plexus-compiler-2.8.4.pom
[INFO] Downloaded from central: https://repo.maven.apache.org/maven2/org/codehaus/plexus/plexus-compiler/2.8.4/plexus-compiler-2.8.4.pom (6.0 kB at 45 kB/s)
[INFO] Downloading from central: https://repo.maven.apache.org/maven2/org/codehaus/plexus/plexus-components/4.0/plexus-components-4.0.pom
[INFO] Downloaded from central: https://repo.maven.apache.org/maven2/org/codehaus/plexus/plexus-components/4.0/plexus-components-4.0.pom (2.7 kB at 22 kB/s)
[INFO] Downloading from central: https://repo.maven.apache.org/maven2/org/codehaus/plexus/plexus-utils/3.0.22/plexus-utils-3.0.22.pom
[INFO] Downloaded from central: https://repo.maven.apache.org/maven2/org/codehaus/plexus/plexus-utils/3.0.22/plexus-utils-3.0.22.pom (3.8 kB at 30 kB/s)
[INFO] Downloading from central: https://repo.maven.apache.org/maven2/org/codehaus/plexus/plexus-compiler-manager/2.8.4/plexus-compiler-manager-2.8.4.pom
[INFO] Downloaded from central: https://repo.maven.apache.org/maven2/org/codehaus/plexus/plexus-compiler-manager/2.8.4/plexus-compiler-manager-2.8.4.pom (692 B at 5.4 kB/s)
[INFO] Downloading from central: https://repo.maven.apache.org/maven2/org/codehaus/plexus/plexus-compiler-javac/2.8.4/plexus-compiler-javac-2.8.4.pom
[INFO] Downloaded from central: https://repo.maven.apache.org/maven2/org/codehaus/plexus/plexus-compiler-javac/2.8.4/plexus-compiler-javac-2.8.4.pom (771 B at 4.6 kB/s)
[INFO] Downloading from central: https://repo.maven.apache.org/maven2/org/codehaus/plexus/plexus-compilers/2.8.4/plexus-compilers-2.8.4.pom
[INFO] Downloaded from central: https://repo.maven.apache.org/maven2/org/codehaus/plexus/plexus-compilers/2.8.4/plexus-compilers-2.8.4.pom (1.3 kB at 11 kB/s)
[INFO] Downloading from central: https://repo.maven.apache.org/maven2/org/apache/maven/maven-plugin-api/3.0/maven-plugin-api-3.0.jar
[INFO] Downloading from central: https://repo.maven.apache.org/maven2/org/apache/maven/maven-model/3.0/maven-model-3.0.jar
[INFO] Downloading from central: https://repo.maven.apache.org/maven2/org/sonatype/sisu/sisu-inject-plexus/1.4.2/sisu-inject-plexus-1.4.2.jar
[INFO] Downloading from central: https://repo.maven.apache.org/maven2/org/sonatype/sisu/sisu-inject-bean/1.4.2/sisu-inject-bean-1.4.2.jar
[INFO] Downloading from central: https://repo.maven.apache.org/maven2/org/sonatype/sisu/sisu-guice/2.1.7/sisu-guice-2.1.7-noaop.jar
[INFO] Downloaded from central: https://repo.maven.apache.org/maven2/org/apache/maven/maven-plugin-api/3.0/maven-plugin-api-3.0.jar (49 kB at 263 kB/s)
[INFO] Downloading from central: https://repo.maven.apache.org/maven2/org/apache/maven/maven-artifact/3.0/maven-artifact-3.0.jar
[INFO] Downloaded from central: https://repo.maven.apache.org/maven2/org/sonatype/sisu/sisu-inject-bean/1.4.2/sisu-inject-bean-1.4.2.jar (153 kB at 565 kB/s)
[INFO] Downloading from central: https://repo.maven.apache.org/maven2/org/codehaus/plexus/plexus-utils/2.0.4/plexus-utils-2.0.4.jar
[INFO] Downloaded from central: https://repo.maven.apache.org/maven2/org/apache/maven/maven-artifact/3.0/maven-artifact-3.0.jar (52 kB at 160 kB/s)
[INFO] Downloading from central: https://repo.maven.apache.org/maven2/org/apache/maven/maven-core/3.0/maven-core-3.0.jar
[INFO] Downloaded from central: https://repo.maven.apache.org/maven2/org/apache/maven/maven-model/3.0/maven-model-3.0.jar (165 kB at 504 kB/s)
[INFO] Downloading from central: https://repo.maven.apache.org/maven2/org/apache/maven/maven-settings/3.0/maven-settings-3.0.jar
[INFO] Downloaded from central: https://repo.maven.apache.org/maven2/org/sonatype/sisu/sisu-inject-plexus/1.4.2/sisu-inject-plexus-1.4.2.jar (202 kB at 560 kB/s)
[INFO] Downloading from central: https://repo.maven.apache.org/maven2/org/apache/maven/maven-settings-builder/3.0/maven-settings-builder-3.0.jar
[INFO] Downloaded from central: https://repo.maven.apache.org/maven2/org/apache/maven/maven-settings/3.0/maven-settings-3.0.jar (47 kB at 90 kB/s)
[INFO] Downloading from central: https://repo.maven.apache.org/maven2/org/apache/maven/maven-repository-metadata/3.0/maven-repository-metadata-3.0.jar
[INFO] Downloaded from central: https://repo.maven.apache.org/maven2/org/apache/maven/maven-core/3.0/maven-core-3.0.jar (527 kB at 998 kB/s)
[INFO] Downloading from central: https://repo.maven.apache.org/maven2/org/apache/maven/maven-model-builder/3.0/maven-model-builder-3.0.jar
[INFO] Downloaded from central: https://repo.maven.apache.org/maven2/org/apache/maven/maven-settings-builder/3.0/maven-settings-builder-3.0.jar (38 kB at 70 kB/s)
[INFO] Downloading from central: https://repo.maven.apache.org/maven2/org/apache/maven/maven-aether-provider/3.0/maven-aether-provider-3.0.jar
[INFO] Downloaded from central: https://repo.maven.apache.org/maven2/org/codehaus/plexus/plexus-utils/2.0.4/plexus-utils-2.0.4.jar (222 kB at 360 kB/s)
[INFO] Downloading from central: https://repo.maven.apache.org/maven2/org/sonatype/aether/aether-impl/1.7/aether-impl-1.7.jar
[INFO] Downloaded from central: https://repo.maven.apache.org/maven2/org/apache/maven/maven-repository-metadata/3.0/maven-repository-metadata-3.0.jar (30 kB at 44 kB/s)
[INFO] Downloading from central: https://repo.maven.apache.org/maven2/org/sonatype/aether/aether-spi/1.7/aether-spi-1.7.jar
[INFO] Downloaded from central: https://repo.maven.apache.org/maven2/org/apache/maven/maven-model-builder/3.0/maven-model-builder-3.0.jar (148 kB at 214 kB/s)
[INFO] Downloading from central: https://repo.maven.apache.org/maven2/org/sonatype/aether/aether-api/1.7/aether-api-1.7.jar
[INFO] Downloaded from central: https://repo.maven.apache.org/maven2/org/sonatype/sisu/sisu-guice/2.1.7/sisu-guice-2.1.7-noaop.jar (472 kB at 644 kB/s)
[INFO] Downloaded from central: https://repo.maven.apache.org/maven2/org/apache/maven/maven-aether-provider/3.0/maven-aether-provider-3.0.jar (51 kB at 70 kB/s)
[INFO] Downloading from central: https://repo.maven.apache.org/maven2/org/sonatype/aether/aether-util/1.7/aether-util-1.7.jar
[INFO] Downloading from central: https://repo.maven.apache.org/maven2/org/codehaus/plexus/plexus-interpolation/1.14/plexus-interpolation-1.14.jar
[INFO] Downloaded from central: https://repo.maven.apache.org/maven2/org/sonatype/aether/aether-api/1.7/aether-api-1.7.jar (74 kB at 88 kB/s)
[INFO] Downloading from central: https://repo.maven.apache.org/maven2/org/codehaus/plexus/plexus-classworlds/2.2.3/plexus-classworlds-2.2.3.jar
[INFO] Downloaded from central: https://repo.maven.apache.org/maven2/org/sonatype/aether/aether-spi/1.7/aether-spi-1.7.jar (14 kB at 16 kB/s)
[INFO] Downloading from central: https://repo.maven.apache.org/maven2/org/codehaus/plexus/plexus-component-annotations/1.7.1/plexus-component-annotations-1.7.1.jar
[INFO] Downloaded from central: https://repo.maven.apache.org/maven2/org/sonatype/aether/aether-impl/1.7/aether-impl-1.7.jar (106 kB at 122 kB/s)
[INFO] Downloading from central: https://repo.maven.apache.org/maven2/org/apache/maven/shared/maven-shared-utils/3.2.1/maven-shared-utils-3.2.1.jar
[INFO] Downloaded from central: https://repo.maven.apache.org/maven2/org/codehaus/plexus/plexus-interpolation/1.14/plexus-interpolation-1.14.jar (61 kB at 65 kB/s)
[INFO] Downloading from central: https://repo.maven.apache.org/maven2/commons-io/commons-io/2.5/commons-io-2.5.jar
[INFO] Downloaded from central: https://repo.maven.apache.org/maven2/org/sonatype/aether/aether-util/1.7/aether-util-1.7.jar (108 kB at 113 kB/s)
[INFO] Downloading from central: https://repo.maven.apache.org/maven2/org/apache/maven/shared/maven-shared-incremental/1.1/maven-shared-incremental-1.1.jar
[INFO] Downloaded from central: https://repo.maven.apache.org/maven2/org/codehaus/plexus/plexus-classworlds/2.2.3/plexus-classworlds-2.2.3.jar (46 kB at 45 kB/s)
[INFO] Downloading from central: https://repo.maven.apache.org/maven2/org/codehaus/plexus/plexus-java/0.9.10/plexus-java-0.9.10.jar
[INFO] Downloaded from central: https://repo.maven.apache.org/maven2/org/codehaus/plexus/plexus-component-annotations/1.7.1/plexus-component-annotations-1.7.1.jar (4.3 kB at 4.2 kB/s)
[INFO] Downloading from central: https://repo.maven.apache.org/maven2/org/ow2/asm/asm/6.2/asm-6.2.jar
[INFO] Downloaded from central: https://repo.maven.apache.org/maven2/org/apache/maven/shared/maven-shared-incremental/1.1/maven-shared-incremental-1.1.jar (14 kB at 12 kB/s)
[INFO] Downloading from central: https://repo.maven.apache.org/maven2/com/thoughtworks/qdox/qdox/2.0-M9/qdox-2.0-M9.jar
[INFO] Downloaded from central: https://repo.maven.apache.org/maven2/org/apache/maven/shared/maven-shared-utils/3.2.1/maven-shared-utils-3.2.1.jar (167 kB at 148 kB/s)
[INFO] Downloading from central: https://repo.maven.apache.org/maven2/org/codehaus/plexus/plexus-compiler-api/2.8.4/plexus-compiler-api-2.8.4.jar
[INFO] Downloaded from central: https://repo.maven.apache.org/maven2/org/ow2/asm/asm/6.2/asm-6.2.jar (111 kB at 94 kB/s)
[INFO] Downloading from central: https://repo.maven.apache.org/maven2/org/codehaus/plexus/plexus-compiler-manager/2.8.4/plexus-compiler-manager-2.8.4.jar
[INFO] Downloaded from central: https://repo.maven.apache.org/maven2/org/codehaus/plexus/plexus-java/0.9.10/plexus-java-0.9.10.jar (39 kB at 32 kB/s)
[INFO] Downloading from central: https://repo.maven.apache.org/maven2/org/codehaus/plexus/plexus-compiler-javac/2.8.4/plexus-compiler-javac-2.8.4.jar
[INFO] Downloaded from central: https://repo.maven.apache.org/maven2/commons-io/commons-io/2.5/commons-io-2.5.jar (209 kB at 163 kB/s)
[INFO] Downloaded from central: https://repo.maven.apache.org/maven2/com/thoughtworks/qdox/qdox/2.0-M9/qdox-2.0-M9.jar (317 kB at 244 kB/s)
[INFO] Downloaded from central: https://repo.maven.apache.org/maven2/org/codehaus/plexus/plexus-compiler-api/2.8.4/plexus-compiler-api-2.8.4.jar (27 kB at 21 kB/s)
[INFO] Downloaded from central: https://repo.maven.apache.org/maven2/org/codehaus/plexus/plexus-compiler-manager/2.8.4/plexus-compiler-manager-2.8.4.jar (4.7 kB at 3.6 kB/s)
[INFO] Downloaded from central: https://repo.maven.apache.org/maven2/org/codehaus/plexus/plexus-compiler-javac/2.8.4/plexus-compiler-javac-2.8.4.jar (21 kB at 16 kB/s)
[INFO] Changes detected - recompiling the module!
[INFO] Compiling 468 source files to /Users/musatkd/dev/aws-crt-builder/aws-crt-java/target/classes
[INFO] ------------------------------------------------------------------------
[INFO] BUILD SUCCESS
[INFO] ------------------------------------------------------------------------
[INFO] Total time:  01:35 min
[INFO] Finished at: 2021-12-21T01:59:31-05:00
[INFO] ------------------------------------------------------------------------
> popenv
> popd /Users/musatkd/dev/aws-crt-builder/aws-crt-java
Finished: build project aws-crt-java
Running: test aws-crt-java
> pushd /Users/musatkd/dev/aws-crt-builder/aws-crt-java
> pushenv
> export JAVA_HOME=/Users/musatkd/dev/aws-crt-builder/aws-crt-java/target/cmake-build/deps/jdk8/jdk8u242-b08/Contents/Home
Running: AWSCrtJavaTest
> export AWS_CRT_MEMORY_TRACING=2
[INFO] Scanning for projects...
[INFO] 
[INFO] -----------------< software.amazon.awssdk.crt:aws-crt >-----------------
[INFO] Building software.amazon.awssdk.crt:aws-crt 1.0.0-SNAPSHOT
[INFO] --------------------------------[ jar ]---------------------------------
[INFO] Downloading from central: https://repo.maven.apache.org/maven2/org/apache/maven/plugins/maven-surefire-plugin/2.21.0/maven-surefire-plugin-2.21.0.pom
[INFO] Downloaded from central: https://repo.maven.apache.org/maven2/org/apache/maven/plugins/maven-surefire-plugin/2.21.0/maven-surefire-plugin-2.21.0.pom (5.2 kB at 6.1 kB/s)
[INFO] Downloading from central: https://repo.maven.apache.org/maven2/org/apache/maven/surefire/surefire/2.21.0/surefire-2.21.0.pom
[INFO] Downloaded from central: https://repo.maven.apache.org/maven2/org/apache/maven/surefire/surefire/2.21.0/surefire-2.21.0.pom (28 kB at 187 kB/s)
[INFO] Downloading from central: https://repo.maven.apache.org/maven2/org/apache/maven/plugins/maven-surefire-plugin/2.21.0/maven-surefire-plugin-2.21.0.jar
[INFO] Downloaded from central: https://repo.maven.apache.org/maven2/org/apache/maven/plugins/maven-surefire-plugin/2.21.0/maven-surefire-plugin-2.21.0.jar (40 kB at 300 kB/s)
[INFO] 
[INFO] --- maven-antrun-plugin:1.8:run (create-build-dir) @ aws-crt ---
[INFO] Executing tasks

main:
[INFO] Executed tasks
[INFO] 
[INFO] --- maven-antrun-plugin:1.8:run (cmake-generator) @ aws-crt ---
[INFO] Executing tasks

main:
     [echo] Generator = -DGENERATOR_DUMMY=1
[INFO] Executed tasks
[INFO] 
[INFO] --- maven-antrun-plugin:1.8:run (cmake-toolset) @ aws-crt ---
[INFO] Executing tasks

main:
     [echo] Toolset = -DTOOLSET_DUMMY=1
[INFO] Executed tasks
[INFO] 
[INFO] --- exec-maven-plugin:1.3.2:exec (cmake-configure) @ aws-crt ---
-- CMake 3.22.1
-- attempting to use sanitizer list address;undefined
-- Building SIMD base64 decoder
-- Packaging is only supported on Linux
-- attempting to use sanitizer list address;undefined
-- attempting to use sanitizer list address;undefined
-- attempting to use sanitizer list address;undefined
-- attempting to use sanitizer list address;undefined
-- attempting to use sanitizer list address;undefined
-- attempting to use sanitizer list address;undefined
-- attempting to use sanitizer list address;undefined
-- attempting to use sanitizer list address;undefined
-- attempting to use sanitizer list address;undefined
-- attempting to use sanitizer list address;undefined
-- Compiling for osx-x86_64
-- JAVA_HOME=/Users/musatkd/dev/aws-crt-builder/aws-crt-java/target/cmake-build/deps/jdk8/jdk8u242-b08/Contents/Home
-- Configuring done
-- Generating done
-- Build files have been written to: /Users/musatkd/dev/aws-crt-builder/aws-crt-java/target/cmake-build
[INFO] 
[INFO] --- exec-maven-plugin:1.3.2:exec (make) @ aws-crt ---
Consolidate compiler generated dependencies of target aws-c-common
[  0%] Building C object crt/aws-c-common/CMakeFiles/aws-c-common.dir/source/allocator.c.o
[  1%] Building C object crt/aws-c-common/CMakeFiles/aws-c-common.dir/source/allocator_sba.c.o
[  1%] Building C object crt/aws-c-common/CMakeFiles/aws-c-common.dir/source/arch/intel/asm/cpuid.c.o
[  2%] Building C object crt/aws-c-common/CMakeFiles/aws-c-common.dir/source/arch/intel/cpuid.c.o
[  2%] Building C object crt/aws-c-common/CMakeFiles/aws-c-common.dir/source/array_list.c.o
[  3%] Building C object crt/aws-c-common/CMakeFiles/aws-c-common.dir/source/assert.c.o
[  3%] Building C object crt/aws-c-common/CMakeFiles/aws-c-common.dir/source/bus.c.o
[  4%] Building C object crt/aws-c-common/CMakeFiles/aws-c-common.dir/source/byte_buf.c.o
[  4%] Building C object crt/aws-c-common/CMakeFiles/aws-c-common.dir/source/cache.c.o
[  5%] Building C object crt/aws-c-common/CMakeFiles/aws-c-common.dir/source/codegen.c.o
[  5%] Building C object crt/aws-c-common/CMakeFiles/aws-c-common.dir/source/command_line_parser.c.o
[  6%] Building C object crt/aws-c-common/CMakeFiles/aws-c-common.dir/source/common.c.o
[  6%] Building C object crt/aws-c-common/CMakeFiles/aws-c-common.dir/source/condition_variable.c.o
[  6%] Building C object crt/aws-c-common/CMakeFiles/aws-c-common.dir/source/date_time.c.o
[  7%] Building C object crt/aws-c-common/CMakeFiles/aws-c-common.dir/source/device_random.c.o
[  7%] Building C object crt/aws-c-common/CMakeFiles/aws-c-common.dir/source/encoding.c.o
[  8%] Building C object crt/aws-c-common/CMakeFiles/aws-c-common.dir/source/error.c.o
[  8%] Building C object crt/aws-c-common/CMakeFiles/aws-c-common.dir/source/fifo_cache.c.o
[  9%] Building C object crt/aws-c-common/CMakeFiles/aws-c-common.dir/source/file.c.o
[  9%] Building C object crt/aws-c-common/CMakeFiles/aws-c-common.dir/source/hash_table.c.o
[ 10%] Building C object crt/aws-c-common/CMakeFiles/aws-c-common.dir/source/lifo_cache.c.o
[ 10%] Building C object crt/aws-c-common/CMakeFiles/aws-c-common.dir/source/linked_hash_table.c.o
[ 11%] Building C object crt/aws-c-common/CMakeFiles/aws-c-common.dir/source/log_channel.c.o
[ 11%] Building C object crt/aws-c-common/CMakeFiles/aws-c-common.dir/source/log_formatter.c.o
[ 12%] Building C object crt/aws-c-common/CMakeFiles/aws-c-common.dir/source/log_writer.c.o
[ 12%] Building C object crt/aws-c-common/CMakeFiles/aws-c-common.dir/source/logging.c.o
[ 12%] Building C object crt/aws-c-common/CMakeFiles/aws-c-common.dir/source/lru_cache.c.o
[ 13%] Building C object crt/aws-c-common/CMakeFiles/aws-c-common.dir/source/math.c.o
[ 13%] Building C object crt/aws-c-common/CMakeFiles/aws-c-common.dir/source/memtrace.c.o
[ 14%] Building C object crt/aws-c-common/CMakeFiles/aws-c-common.dir/source/posix/clock.c.o
[ 14%] Building C object crt/aws-c-common/CMakeFiles/aws-c-common.dir/source/posix/condition_variable.c.o
[ 15%] Building C object crt/aws-c-common/CMakeFiles/aws-c-common.dir/source/posix/device_random.c.o
[ 15%] Building C object crt/aws-c-common/CMakeFiles/aws-c-common.dir/source/posix/environment.c.o
[ 16%] Building C object crt/aws-c-common/CMakeFiles/aws-c-common.dir/source/posix/file.c.o
[ 16%] Building C object crt/aws-c-common/CMakeFiles/aws-c-common.dir/source/posix/mutex.c.o
[ 17%] Building C object crt/aws-c-common/CMakeFiles/aws-c-common.dir/source/posix/process.c.o
[ 17%] Building C object crt/aws-c-common/CMakeFiles/aws-c-common.dir/source/posix/rw_lock.c.o
[ 18%] Building C object crt/aws-c-common/CMakeFiles/aws-c-common.dir/source/posix/system_info.c.o
[ 18%] Building C object crt/aws-c-common/CMakeFiles/aws-c-common.dir/source/posix/thread.c.o
[ 18%] Building C object crt/aws-c-common/CMakeFiles/aws-c-common.dir/source/posix/time.c.o
[ 19%] Building C object crt/aws-c-common/CMakeFiles/aws-c-common.dir/source/priority_queue.c.o
[ 19%] Building C object crt/aws-c-common/CMakeFiles/aws-c-common.dir/source/process_common.c.o
[ 20%] Building C object crt/aws-c-common/CMakeFiles/aws-c-common.dir/source/promise.c.o
[ 20%] Building C object crt/aws-c-common/CMakeFiles/aws-c-common.dir/source/ref_count.c.o
[ 21%] Building C object crt/aws-c-common/CMakeFiles/aws-c-common.dir/source/ring_buffer.c.o
[ 21%] Building C object crt/aws-c-common/CMakeFiles/aws-c-common.dir/source/statistics.c.o
[ 22%] Building C object crt/aws-c-common/CMakeFiles/aws-c-common.dir/source/string.c.o
[ 22%] Building C object crt/aws-c-common/CMakeFiles/aws-c-common.dir/source/task_scheduler.c.o
[ 23%] Building C object crt/aws-c-common/CMakeFiles/aws-c-common.dir/source/thread_scheduler.c.o
[ 23%] Building C object crt/aws-c-common/CMakeFiles/aws-c-common.dir/source/thread_shared.c.o
[ 24%] Building C object crt/aws-c-common/CMakeFiles/aws-c-common.dir/source/uuid.c.o
[ 24%] Building C object crt/aws-c-common/CMakeFiles/aws-c-common.dir/source/xml_parser.c.o
[ 24%] Building C object crt/aws-c-common/CMakeFiles/aws-c-common.dir/source/arch/intel/encoding_avx2.c.o
[ 25%] Linking C static library libaws-c-common.a
[ 25%] Built target aws-c-common
Consolidate compiler generated dependencies of target aws-c-compression
[ 25%] Building C object crt/aws-c-compression/CMakeFiles/aws-c-compression.dir/source/compression.c.o
[ 26%] Building C object crt/aws-c-compression/CMakeFiles/aws-c-compression.dir/source/huffman.c.o
[ 26%] Building C object crt/aws-c-compression/CMakeFiles/aws-c-compression.dir/source/huffman_testing.c.o
[ 27%] Linking C static library libaws-c-compression.a
[ 27%] Built target aws-c-compression
Consolidate compiler generated dependencies of target aws-c-cal
[ 28%] Building C object crt/aws-c-cal/CMakeFiles/aws-c-cal.dir/source/cal.c.o
[ 28%] Building C object crt/aws-c-cal/CMakeFiles/aws-c-cal.dir/source/darwin/commoncrypto_hmac.c.o
[ 29%] Building C object crt/aws-c-cal/CMakeFiles/aws-c-cal.dir/source/darwin/commoncrypto_md5.c.o
[ 29%] Building C object crt/aws-c-cal/CMakeFiles/aws-c-cal.dir/source/darwin/commoncrypto_platform_init.c.o
[ 30%] Building C object crt/aws-c-cal/CMakeFiles/aws-c-cal.dir/source/darwin/commoncrypto_sha1.c.o
[ 30%] Building C object crt/aws-c-cal/CMakeFiles/aws-c-cal.dir/source/darwin/commoncrypto_sha256.c.o
[ 31%] Building C object crt/aws-c-cal/CMakeFiles/aws-c-cal.dir/source/darwin/securityframework_ecc.c.o
[ 31%] Building C object crt/aws-c-cal/CMakeFiles/aws-c-cal.dir/source/der.c.o
[ 32%] Building C object crt/aws-c-cal/CMakeFiles/aws-c-cal.dir/source/ecc.c.o
[ 32%] Building C object crt/aws-c-cal/CMakeFiles/aws-c-cal.dir/source/hash.c.o
[ 32%] Building C object crt/aws-c-cal/CMakeFiles/aws-c-cal.dir/source/hmac.c.o
[ 33%] Linking C static library libaws-c-cal.a
[ 33%] Built target aws-c-cal
Consolidate compiler generated dependencies of target aws-c-io
[ 33%] Building C object crt/aws-c-io/CMakeFiles/aws-c-io.dir/source/alpn_handler.c.o
[ 34%] Building C object crt/aws-c-io/CMakeFiles/aws-c-io.dir/source/bsd/kqueue_event_loop.c.o
[ 34%] Building C object crt/aws-c-io/CMakeFiles/aws-c-io.dir/source/channel.c.o
[ 35%] Building C object crt/aws-c-io/CMakeFiles/aws-c-io.dir/source/channel_bootstrap.c.o
[ 35%] Building C object crt/aws-c-io/CMakeFiles/aws-c-io.dir/source/darwin/darwin_pki_utils.c.o
[ 35%] Building C object crt/aws-c-io/CMakeFiles/aws-c-io.dir/source/darwin/secure_transport_tls_channel_handler.c.o
[ 36%] Building C object crt/aws-c-io/CMakeFiles/aws-c-io.dir/source/event_loop.c.o
[ 36%] Building C object crt/aws-c-io/CMakeFiles/aws-c-io.dir/source/exponential_backoff_retry_strategy.c.o
[ 37%] Building C object crt/aws-c-io/CMakeFiles/aws-c-io.dir/source/host_resolver.c.o
[ 37%] Building C object crt/aws-c-io/CMakeFiles/aws-c-io.dir/source/io.c.o
[ 38%] Building C object crt/aws-c-io/CMakeFiles/aws-c-io.dir/source/message_pool.c.o
[ 38%] Building C object crt/aws-c-io/CMakeFiles/aws-c-io.dir/source/pem_utils.c.o
[ 39%] Building C object crt/aws-c-io/CMakeFiles/aws-c-io.dir/source/pkcs11.c.o
[ 39%] Building C object crt/aws-c-io/CMakeFiles/aws-c-io.dir/source/pki_utils.c.o
[ 40%] Building C object crt/aws-c-io/CMakeFiles/aws-c-io.dir/source/posix/host_resolver.c.o
[ 40%] Building C object crt/aws-c-io/CMakeFiles/aws-c-io.dir/source/posix/pipe.c.o
[ 41%] Building C object crt/aws-c-io/CMakeFiles/aws-c-io.dir/source/posix/shared_library.c.o
[ 41%] Building C object crt/aws-c-io/CMakeFiles/aws-c-io.dir/source/posix/socket.c.o
[ 41%] Building C object crt/aws-c-io/CMakeFiles/aws-c-io.dir/source/retry_strategy.c.o
[ 42%] Building C object crt/aws-c-io/CMakeFiles/aws-c-io.dir/source/socket_channel_handler.c.o
[ 42%] Building C object crt/aws-c-io/CMakeFiles/aws-c-io.dir/source/standard_retry_strategy.c.o
[ 43%] Building C object crt/aws-c-io/CMakeFiles/aws-c-io.dir/source/statistics.c.o
[ 43%] Building C object crt/aws-c-io/CMakeFiles/aws-c-io.dir/source/stream.c.o
[ 44%] Building C object crt/aws-c-io/CMakeFiles/aws-c-io.dir/source/tls_channel_handler.c.o
[ 44%] Building C object crt/aws-c-io/CMakeFiles/aws-c-io.dir/source/tls_channel_handler_shared.c.o
[ 45%] Building C object crt/aws-c-io/CMakeFiles/aws-c-io.dir/source/uri.c.o
[ 45%] Linking C static library libaws-c-io.a
[ 45%] Built target aws-c-io
Consolidate compiler generated dependencies of target aws-c-http
[ 45%] Building C object crt/aws-c-http/CMakeFiles/aws-c-http.dir/source/connection.c.o
[ 46%] Building C object crt/aws-c-http/CMakeFiles/aws-c-http.dir/source/connection_manager.c.o
[ 46%] Building C object crt/aws-c-http/CMakeFiles/aws-c-http.dir/source/connection_monitor.c.o
[ 46%] Building C object crt/aws-c-http/CMakeFiles/aws-c-http.dir/source/h1_connection.c.o
[ 47%] Building C object crt/aws-c-http/CMakeFiles/aws-c-http.dir/source/h1_decoder.c.o
[ 47%] Building C object crt/aws-c-http/CMakeFiles/aws-c-http.dir/source/h1_encoder.c.o
[ 48%] Building C object crt/aws-c-http/CMakeFiles/aws-c-http.dir/source/h1_stream.c.o
[ 48%] Building C object crt/aws-c-http/CMakeFiles/aws-c-http.dir/source/h2_connection.c.o
[ 49%] Building C object crt/aws-c-http/CMakeFiles/aws-c-http.dir/source/h2_decoder.c.o
[ 49%] Building C object crt/aws-c-http/CMakeFiles/aws-c-http.dir/source/h2_frames.c.o
[ 50%] Building C object crt/aws-c-http/CMakeFiles/aws-c-http.dir/source/h2_stream.c.o
[ 50%] Building C object crt/aws-c-http/CMakeFiles/aws-c-http.dir/source/hpack.c.o
[ 51%] Building C object crt/aws-c-http/CMakeFiles/aws-c-http.dir/source/hpack_huffman_static.c.o
[ 51%] Building C object crt/aws-c-http/CMakeFiles/aws-c-http.dir/source/http.c.o
[ 52%] Building C object crt/aws-c-http/CMakeFiles/aws-c-http.dir/source/proxy_connection.c.o
[ 52%] Building C object crt/aws-c-http/CMakeFiles/aws-c-http.dir/source/proxy_strategy.c.o
[ 52%] Building C object crt/aws-c-http/CMakeFiles/aws-c-http.dir/source/request_response.c.o
[ 53%] Building C object crt/aws-c-http/CMakeFiles/aws-c-http.dir/source/statistics.c.o
[ 53%] Building C object crt/aws-c-http/CMakeFiles/aws-c-http.dir/source/strutil.c.o
[ 54%] Building C object crt/aws-c-http/CMakeFiles/aws-c-http.dir/source/websocket.c.o
[ 54%] Building C object crt/aws-c-http/CMakeFiles/aws-c-http.dir/source/websocket_bootstrap.c.o
[ 55%] Building C object crt/aws-c-http/CMakeFiles/aws-c-http.dir/source/websocket_decoder.c.o
[ 55%] Building C object crt/aws-c-http/CMakeFiles/aws-c-http.dir/source/websocket_encoder.c.o
[ 56%] Linking C static library libaws-c-http.a
[ 56%] Built target aws-c-http
Consolidate compiler generated dependencies of target aws-c-sdkutils
[ 56%] Building C object crt/aws-c-sdkutils/CMakeFiles/aws-c-sdkutils.dir/source/aws_profile.c.o
[ 56%] Building C object crt/aws-c-sdkutils/CMakeFiles/aws-c-sdkutils.dir/source/resource_name.c.o
[ 57%] Building C object crt/aws-c-sdkutils/CMakeFiles/aws-c-sdkutils.dir/source/sdkutils.c.o
[ 57%] Linking C static library libaws-c-sdkutils.a
[ 57%] Built target aws-c-sdkutils
Consolidate compiler generated dependencies of target aws-c-auth
[ 57%] Building C object crt/aws-c-auth/CMakeFiles/aws-c-auth.dir/source/auth.c.o
[ 57%] Building C object crt/aws-c-auth/CMakeFiles/aws-c-auth.dir/source/aws_imds_client.c.o
[ 58%] Building C object crt/aws-c-auth/CMakeFiles/aws-c-auth.dir/source/aws_profile.c.o
[ 58%] Building C object crt/aws-c-auth/CMakeFiles/aws-c-auth.dir/source/aws_signing.c.o
[ 59%] Building C object crt/aws-c-auth/CMakeFiles/aws-c-auth.dir/source/credentials.c.o
[ 59%] Building C object crt/aws-c-auth/CMakeFiles/aws-c-auth.dir/source/credentials_provider_cached.c.o
[ 60%] Building C object crt/aws-c-auth/CMakeFiles/aws-c-auth.dir/source/credentials_provider_chain.c.o
[ 60%] Building C object crt/aws-c-auth/CMakeFiles/aws-c-auth.dir/source/credentials_provider_default_chain.c.o
[ 61%] Building C object crt/aws-c-auth/CMakeFiles/aws-c-auth.dir/source/credentials_provider_delegate.c.o
[ 61%] Building C object crt/aws-c-auth/CMakeFiles/aws-c-auth.dir/source/credentials_provider_ecs.c.o
[ 62%] Building C object crt/aws-c-auth/CMakeFiles/aws-c-auth.dir/source/credentials_provider_environment.c.o
[ 62%] Building C object crt/aws-c-auth/CMakeFiles/aws-c-auth.dir/source/credentials_provider_imds.c.o
[ 63%] Building C object crt/aws-c-auth/CMakeFiles/aws-c-auth.dir/source/credentials_provider_process.c.o
[ 63%] Building C object crt/aws-c-auth/CMakeFiles/aws-c-auth.dir/source/credentials_provider_profile.c.o
[ 63%] Building C object crt/aws-c-auth/CMakeFiles/aws-c-auth.dir/source/credentials_provider_static.c.o
[ 64%] Building C object crt/aws-c-auth/CMakeFiles/aws-c-auth.dir/source/credentials_provider_sts.c.o
[ 64%] Building C object crt/aws-c-auth/CMakeFiles/aws-c-auth.dir/source/credentials_provider_sts_web_identity.c.o
[ 65%] Building C object crt/aws-c-auth/CMakeFiles/aws-c-auth.dir/source/credentials_provider_x509.c.o
[ 65%] Building C object crt/aws-c-auth/CMakeFiles/aws-c-auth.dir/source/credentials_utils.c.o
[ 66%] Building C object crt/aws-c-auth/CMakeFiles/aws-c-auth.dir/source/external/cJSON.c.o
[ 66%] Building C object crt/aws-c-auth/CMakeFiles/aws-c-auth.dir/source/key_derivation.c.o
[ 67%] Building C object crt/aws-c-auth/CMakeFiles/aws-c-auth.dir/source/signable.c.o
[ 67%] Building C object crt/aws-c-auth/CMakeFiles/aws-c-auth.dir/source/signable_chunk.c.o
[ 68%] Building C object crt/aws-c-auth/CMakeFiles/aws-c-auth.dir/source/signable_http_request.c.o
[ 68%] Building C object crt/aws-c-auth/CMakeFiles/aws-c-auth.dir/source/signable_trailer.c.o
[ 69%] Building C object crt/aws-c-auth/CMakeFiles/aws-c-auth.dir/source/signing.c.o
[ 69%] Building C object crt/aws-c-auth/CMakeFiles/aws-c-auth.dir/source/signing_config.c.o
[ 69%] Building C object crt/aws-c-auth/CMakeFiles/aws-c-auth.dir/source/signing_result.c.o
[ 70%] Building C object crt/aws-c-auth/CMakeFiles/aws-c-auth.dir/source/sigv4_http_request.c.o
[ 70%] Linking C static library libaws-c-auth.a
[ 70%] Built target aws-c-auth
Consolidate compiler generated dependencies of target aws-c-s3
[ 71%] Building C object crt/aws-c-s3/CMakeFiles/aws-c-s3.dir/source/s3.c.o
[ 71%] Building C object crt/aws-c-s3/CMakeFiles/aws-c-s3.dir/source/s3_auto_ranged_get.c.o
[ 72%] Building C object crt/aws-c-s3/CMakeFiles/aws-c-s3.dir/source/s3_auto_ranged_put.c.o
[ 72%] Building C object crt/aws-c-s3/CMakeFiles/aws-c-s3.dir/source/s3_client.c.o
[ 73%] Building C object crt/aws-c-s3/CMakeFiles/aws-c-s3.dir/source/s3_default_meta_request.c.o
[ 73%] Building C object crt/aws-c-s3/CMakeFiles/aws-c-s3.dir/source/s3_endpoint.c.o
[ 74%] Building C object crt/aws-c-s3/CMakeFiles/aws-c-s3.dir/source/s3_meta_request.c.o
[ 74%] Building C object crt/aws-c-s3/CMakeFiles/aws-c-s3.dir/source/s3_request.c.o
[ 75%] Building C object crt/aws-c-s3/CMakeFiles/aws-c-s3.dir/source/s3_request_messages.c.o
[ 75%] Building C object crt/aws-c-s3/CMakeFiles/aws-c-s3.dir/source/s3_util.c.o
[ 76%] Linking C static library libaws-c-s3.a
[ 76%] Built target aws-c-s3
Consolidate compiler generated dependencies of target aws-c-mqtt
[ 77%] Building C object crt/aws-c-mqtt/CMakeFiles/aws-c-mqtt.dir/source/client.c.o
[ 77%] Building C object crt/aws-c-mqtt/CMakeFiles/aws-c-mqtt.dir/source/client_channel_handler.c.o
[ 78%] Building C object crt/aws-c-mqtt/CMakeFiles/aws-c-mqtt.dir/source/fixed_header.c.o
[ 78%] Building C object crt/aws-c-mqtt/CMakeFiles/aws-c-mqtt.dir/source/mqtt.c.o
[ 79%] Building C object crt/aws-c-mqtt/CMakeFiles/aws-c-mqtt.dir/source/packets.c.o
[ 79%] Building C object crt/aws-c-mqtt/CMakeFiles/aws-c-mqtt.dir/source/topic_tree.c.o
[ 79%] Linking C static library libaws-c-mqtt.a
[ 79%] Built target aws-c-mqtt
Consolidate compiler generated dependencies of target aws-checksums
[ 80%] Building C object crt/aws-checksums/CMakeFiles/aws-checksums.dir/source/crc.c.o
[ 80%] Building C object crt/aws-checksums/CMakeFiles/aws-checksums.dir/source/crc_sw.c.o
[ 81%] Building C object crt/aws-checksums/CMakeFiles/aws-checksums.dir/source/intel/asm/crc32c_sse42_asm.c.o
[ 81%] Linking C static library libaws-checksums.a
[ 81%] Built target aws-checksums
Consolidate compiler generated dependencies of target aws-c-event-stream
[ 81%] Building C object crt/aws-c-event-stream/CMakeFiles/aws-c-event-stream.dir/source/event_stream.c.o
[ 82%] Building C object crt/aws-c-event-stream/CMakeFiles/aws-c-event-stream.dir/source/event_stream_channel_handler.c.o
[ 82%] Building C object crt/aws-c-event-stream/CMakeFiles/aws-c-event-stream.dir/source/event_stream_rpc.c.o
[ 83%] Building C object crt/aws-c-event-stream/CMakeFiles/aws-c-event-stream.dir/source/event_stream_rpc_client.c.o
[ 83%] Building C object crt/aws-c-event-stream/CMakeFiles/aws-c-event-stream.dir/source/event_stream_rpc_server.c.o
[ 84%] Linking C static library ../../lib/libaws-c-event-stream.a
[ 84%] Built target aws-c-event-stream
Consolidate compiler generated dependencies of target aws-crt-jni
[ 85%] Building C object CMakeFiles/aws-crt-jni.dir/src/native/aws_signing.c.o
[ 85%] Building C object CMakeFiles/aws-crt-jni.dir/src/native/checksums.c.o
[ 86%] Building C object CMakeFiles/aws-crt-jni.dir/src/native/client_bootstrap.c.o
[ 86%] Building C object CMakeFiles/aws-crt-jni.dir/src/native/credentials.c.o
[ 87%] Building C object CMakeFiles/aws-crt-jni.dir/src/native/credentials_provider.c.o
[ 87%] Building C object CMakeFiles/aws-crt-jni.dir/src/native/crt.c.o
[ 87%] Building C object CMakeFiles/aws-crt-jni.dir/src/native/ecc_key_pair.c.o
[ 88%] Building C object CMakeFiles/aws-crt-jni.dir/src/native/event_loop_group.c.o
[ 88%] Building C object CMakeFiles/aws-crt-jni.dir/src/native/event_stream_message.c.o
[ 89%] Building C object CMakeFiles/aws-crt-jni.dir/src/native/event_stream_rpc_client.c.o
[ 89%] Building C object CMakeFiles/aws-crt-jni.dir/src/native/event_stream_rpc_server.c.o
[ 90%] Building C object CMakeFiles/aws-crt-jni.dir/src/native/host_resolver.c.o
[ 90%] Building C object CMakeFiles/aws-crt-jni.dir/src/native/http_connection_manager.c.o
[ 91%] Building C object CMakeFiles/aws-crt-jni.dir/src/native/http_request_response.c.o
[ 91%] Building C object CMakeFiles/aws-crt-jni.dir/src/native/http_request_utils.c.o
[ 92%] Building C object CMakeFiles/aws-crt-jni.dir/src/native/java_class_ids.c.o
[ 92%] Building C object CMakeFiles/aws-crt-jni.dir/src/native/jni.c.o
[ 93%] Building C object CMakeFiles/aws-crt-jni.dir/src/native/logging.c.o
[ 93%] Building C object CMakeFiles/aws-crt-jni.dir/src/native/mqtt_client.c.o
[ 93%] Building C object CMakeFiles/aws-crt-jni.dir/src/native/mqtt_connection.c.o
[ 94%] Building C object CMakeFiles/aws-crt-jni.dir/src/native/pkcs11_lib.c.o
[ 94%] Building C object CMakeFiles/aws-crt-jni.dir/src/native/process.c.o
[ 95%] Building C object CMakeFiles/aws-crt-jni.dir/src/native/retry_utils.c.o
[ 95%] Building C object CMakeFiles/aws-crt-jni.dir/src/native/s3_client.c.o
[ 96%] Building C object CMakeFiles/aws-crt-jni.dir/src/native/server_bootstrap.c.o
[ 96%] Building C object CMakeFiles/aws-crt-jni.dir/src/native/socket_options.c.o
[ 97%] Building C object CMakeFiles/aws-crt-jni.dir/src/native/system_info.c.o
[ 97%] Building C object CMakeFiles/aws-crt-jni.dir/src/native/tls_connection_options.c.o
[ 98%] Building C object CMakeFiles/aws-crt-jni.dir/src/native/tls_context_options.c.o
[ 98%] Building C object CMakeFiles/aws-crt-jni.dir/src/native/tls_context_pkcs11_options.c.o
[ 99%] Building C object CMakeFiles/aws-crt-jni.dir/src/native/tls_ctx.c.o
[ 99%] Building C object CMakeFiles/aws-crt-jni.dir/src/native/uri.c.o
[100%] Linking C shared library lib/osx/x86_64/libaws-crt-jni.dylib
[100%] Built target aws-crt-jni
[INFO] 
[INFO] --- maven-resources-plugin:2.6:resources (default-resources) @ aws-crt ---
[INFO] Using 'UTF-8' encoding to copy filtered resources.
[INFO] Copying 1 resource
[INFO] 
[INFO] --- maven-compiler-plugin:3.8.1:compile (default-compile) @ aws-crt ---
[INFO] Changes detected - recompiling the module!
[INFO] Compiling 468 source files to /Users/musatkd/dev/aws-crt-builder/aws-crt-java/target/classes
[INFO] 
[INFO] --- maven-resources-plugin:2.6:testResources (default-testResources) @ aws-crt ---
[INFO] Using 'UTF-8' encoding to copy filtered resources.
[INFO] skip non existing resourceDirectory /Users/musatkd/dev/aws-crt-builder/aws-crt-java/src/test/resources
[INFO] 
[INFO] --- maven-compiler-plugin:3.8.1:testCompile (default-testCompile) @ aws-crt ---
[INFO] Changes detected - recompiling the module!
[INFO] Compiling 36 source files to /Users/musatkd/dev/aws-crt-builder/aws-crt-java/target/test-classes
[INFO] /Users/musatkd/dev/aws-crt-builder/aws-crt-java/src/test/java/software/amazon/awssdk/crt/test/HttpClientConnectionManagerTest.java: Some input files use unchecked or unsafe operations.
[INFO] /Users/musatkd/dev/aws-crt-builder/aws-crt-java/src/test/java/software/amazon/awssdk/crt/test/HttpClientConnectionManagerTest.java: Recompile with -Xlint:unchecked for details.
[INFO] 
[INFO] --- maven-surefire-plugin:2.21.0:test (default-test) @ aws-crt ---
[INFO] Downloading from central: https://repo.maven.apache.org/maven2/org/apache/maven/surefire/maven-surefire-common/2.21.0/maven-surefire-common-2.21.0.pom
[INFO] Downloaded from central: https://repo.maven.apache.org/maven2/org/apache/maven/surefire/maven-surefire-common/2.21.0/maven-surefire-common-2.21.0.pom (11 kB at 78 kB/s)
[INFO] Downloading from central: https://repo.maven.apache.org/maven2/org/apache/maven/plugin-tools/maven-plugin-annotations/3.5/maven-plugin-annotations-3.5.pom
[INFO] Downloaded from central: https://repo.maven.apache.org/maven2/org/apache/maven/plugin-tools/maven-plugin-annotations/3.5/maven-plugin-annotations-3.5.pom (1.7 kB at 13 kB/s)
[INFO] Downloading from central: https://repo.maven.apache.org/maven2/org/apache/maven/plugin-tools/maven-plugin-tools/3.5/maven-plugin-tools-3.5.pom
[INFO] Downloaded from central: https://repo.maven.apache.org/maven2/org/apache/maven/plugin-tools/maven-plugin-tools/3.5/maven-plugin-tools-3.5.pom (16 kB at 123 kB/s)
[INFO] Downloading from central: https://repo.maven.apache.org/maven2/org/apache/maven/surefire/surefire-api/2.21.0/surefire-api-2.21.0.pom
[INFO] Downloaded from central: https://repo.maven.apache.org/maven2/org/apache/maven/surefire/surefire-api/2.21.0/surefire-api-2.21.0.pom (3.5 kB at 27 kB/s)
[INFO] Downloading from central: https://repo.maven.apache.org/maven2/org/apache/maven/surefire/surefire-logger-api/2.21.0/surefire-logger-api-2.21.0.pom
[INFO] Downloaded from central: https://repo.maven.apache.org/maven2/org/apache/maven/surefire/surefire-logger-api/2.21.0/surefire-logger-api-2.21.0.pom (2.0 kB at 15 kB/s)
[INFO] Downloading from central: https://repo.maven.apache.org/maven2/org/apache/maven/surefire/surefire-booter/2.21.0/surefire-booter-2.21.0.pom
[INFO] Downloaded from central: https://repo.maven.apache.org/maven2/org/apache/maven/surefire/surefire-booter/2.21.0/surefire-booter-2.21.0.pom (7.4 kB at 53 kB/s)
[INFO] Downloading from central: https://repo.maven.apache.org/maven2/junit/junit/4.12/junit-4.12.pom
[INFO] Downloaded from central: https://repo.maven.apache.org/maven2/junit/junit/4.12/junit-4.12.pom (24 kB at 181 kB/s)
[INFO] Downloading from central: https://repo.maven.apache.org/maven2/org/apache/maven/reporting/maven-reporting-api/3.0/maven-reporting-api-3.0.pom
[INFO] Downloaded from central: https://repo.maven.apache.org/maven2/org/apache/maven/reporting/maven-reporting-api/3.0/maven-reporting-api-3.0.pom (2.4 kB at 21 kB/s)
[INFO] Downloading from central: https://repo.maven.apache.org/maven2/org/apache/maven/shared/maven-shared-components/15/maven-shared-components-15.pom
[INFO] Downloaded from central: https://repo.maven.apache.org/maven2/org/apache/maven/shared/maven-shared-components/15/maven-shared-components-15.pom (9.3 kB at 70 kB/s)
[INFO] Downloading from central: https://repo.maven.apache.org/maven2/org/apache/maven/maven-parent/16/maven-parent-16.pom
[INFO] Downloaded from central: https://repo.maven.apache.org/maven2/org/apache/maven/maven-parent/16/maven-parent-16.pom (23 kB at 165 kB/s)
[INFO] Downloading from central: https://repo.maven.apache.org/maven2/org/apache/apache/7/apache-7.pom
[INFO] Downloaded from central: https://repo.maven.apache.org/maven2/org/apache/apache/7/apache-7.pom (14 kB at 110 kB/s)
[INFO] Downloading from central: https://repo.maven.apache.org/maven2/org/apache/maven/maven-toolchain/2.2.1/maven-toolchain-2.2.1.pom
[INFO] Downloaded from central: https://repo.maven.apache.org/maven2/org/apache/maven/maven-toolchain/2.2.1/maven-toolchain-2.2.1.pom (3.3 kB at 25 kB/s)
[INFO] Downloading from central: https://repo.maven.apache.org/maven2/org/codehaus/plexus/plexus-java/0.9.3/plexus-java-0.9.3.pom
[INFO] Downloaded from central: https://repo.maven.apache.org/maven2/org/codehaus/plexus/plexus-java/0.9.3/plexus-java-0.9.3.pom (2.4 kB at 17 kB/s)
[INFO] Downloading from central: https://repo.maven.apache.org/maven2/org/codehaus/plexus/plexus-languages/0.9.3/plexus-languages-0.9.3.pom
[INFO] Downloaded from central: https://repo.maven.apache.org/maven2/org/codehaus/plexus/plexus-languages/0.9.3/plexus-languages-0.9.3.pom (2.2 kB at 14 kB/s)
[INFO] Downloading from central: https://repo.maven.apache.org/maven2/org/ow2/asm/asm/6.0_BETA/asm-6.0_BETA.pom
[INFO] Downloaded from central: https://repo.maven.apache.org/maven2/org/ow2/asm/asm/6.0_BETA/asm-6.0_BETA.pom (1.9 kB at 16 kB/s)
[INFO] Downloading from central: https://repo.maven.apache.org/maven2/org/ow2/asm/asm-parent/6.0_BETA/asm-parent-6.0_BETA.pom
[INFO] Downloaded from central: https://repo.maven.apache.org/maven2/org/ow2/asm/asm-parent/6.0_BETA/asm-parent-6.0_BETA.pom (5.5 kB at 36 kB/s)
[INFO] Downloading from central: https://repo.maven.apache.org/maven2/org/ow2/ow2/1.3/ow2-1.3.pom
[INFO] Downloaded from central: https://repo.maven.apache.org/maven2/org/ow2/ow2/1.3/ow2-1.3.pom (9.5 kB at 66 kB/s)
[INFO] Downloading from central: https://repo.maven.apache.org/maven2/com/thoughtworks/qdox/qdox/2.0-M7/qdox-2.0-M7.pom
[INFO] Downloaded from central: https://repo.maven.apache.org/maven2/com/thoughtworks/qdox/qdox/2.0-M7/qdox-2.0-M7.pom (16 kB at 121 kB/s)
[INFO] Downloading from central: https://repo.maven.apache.org/maven2/org/apache/maven/surefire/maven-surefire-common/2.21.0/maven-surefire-common-2.21.0.jar
[INFO] Downloading from central: https://repo.maven.apache.org/maven2/org/apache/maven/plugin-tools/maven-plugin-annotations/3.5/maven-plugin-annotations-3.5.jar
[INFO] Downloading from central: https://repo.maven.apache.org/maven2/org/apache/maven/surefire/surefire-logger-api/2.21.0/surefire-logger-api-2.21.0.jar
[INFO] Downloading from central: https://repo.maven.apache.org/maven2/org/apache/maven/surefire/surefire-booter/2.21.0/surefire-booter-2.21.0.jar
[INFO] Downloading from central: https://repo.maven.apache.org/maven2/org/apache/maven/surefire/surefire-api/2.21.0/surefire-api-2.21.0.jar
[INFO] Downloaded from central: https://repo.maven.apache.org/maven2/org/apache/maven/surefire/maven-surefire-common/2.21.0/maven-surefire-common-2.21.0.jar (521 kB at 1.6 MB/s)
[INFO] Downloading from central: https://repo.maven.apache.org/maven2/org/codehaus/plexus/plexus-utils/1.5.15/plexus-utils-1.5.15.jar
[INFO] Downloaded from central: https://repo.maven.apache.org/maven2/org/apache/maven/plugin-tools/maven-plugin-annotations/3.5/maven-plugin-annotations-3.5.jar (14 kB at 35 kB/s)
[INFO] Downloaded from central: https://repo.maven.apache.org/maven2/org/apache/maven/surefire/surefire-logger-api/2.21.0/surefire-logger-api-2.21.0.jar (13 kB at 33 kB/s)
[INFO] Downloading from central: https://repo.maven.apache.org/maven2/org/apache/maven/reporting/maven-reporting-api/3.0/maven-reporting-api-3.0.jar
[INFO] Downloading from central: https://repo.maven.apache.org/maven2/junit/junit/4.12/junit-4.12.jar
[INFO] Downloaded from central: https://repo.maven.apache.org/maven2/org/codehaus/plexus/plexus-utils/1.5.15/plexus-utils-1.5.15.jar (228 kB at 440 kB/s)
[INFO] Downloading from central: https://repo.maven.apache.org/maven2/org/apache/maven/maven-toolchain/2.2.1/maven-toolchain-2.2.1.jar
[INFO] Downloaded from central: https://repo.maven.apache.org/maven2/org/apache/maven/reporting/maven-reporting-api/3.0/maven-reporting-api-3.0.jar (11 kB at 19 kB/s)
[INFO] Downloaded from central: https://repo.maven.apache.org/maven2/org/apache/maven/surefire/surefire-api/2.21.0/surefire-api-2.21.0.jar (185 kB at 324 kB/s)
[INFO] Downloading from central: https://repo.maven.apache.org/maven2/org/codehaus/plexus/plexus-java/0.9.3/plexus-java-0.9.3.jar
[INFO] Downloading from central: https://repo.maven.apache.org/maven2/org/ow2/asm/asm/6.0_BETA/asm-6.0_BETA.jar
[INFO] Downloaded from central: https://repo.maven.apache.org/maven2/org/apache/maven/maven-toolchain/2.2.1/maven-toolchain-2.2.1.jar (38 kB at 46 kB/s)
[INFO] Downloaded from central: https://repo.maven.apache.org/maven2/org/apache/maven/surefire/surefire-booter/2.21.0/surefire-booter-2.21.0.jar (273 kB at 331 kB/s)
[INFO] Downloading from central: https://repo.maven.apache.org/maven2/com/thoughtworks/qdox/qdox/2.0-M7/qdox-2.0-M7.jar
[INFO] Downloaded from central: https://repo.maven.apache.org/maven2/org/codehaus/plexus/plexus-java/0.9.3/plexus-java-0.9.3.jar (32 kB at 30 kB/s)
[INFO] Downloaded from central: https://repo.maven.apache.org/maven2/org/ow2/asm/asm/6.0_BETA/asm-6.0_BETA.jar (56 kB at 50 kB/s)
[INFO] Downloaded from central: https://repo.maven.apache.org/maven2/junit/junit/4.12/junit-4.12.jar (315 kB at 251 kB/s)
[INFO] Downloaded from central: https://repo.maven.apache.org/maven2/com/thoughtworks/qdox/qdox/2.0-M7/qdox-2.0-M7.jar (315 kB at 248 kB/s)
[WARNING] useSystemClassloader setting has no effect when not forking
[INFO] Downloading from central: https://repo.maven.apache.org/maven2/org/apache/maven/surefire/surefire-junit4/2.21.0/surefire-junit4-2.21.0.pom
[INFO] Downloaded from central: https://repo.maven.apache.org/maven2/org/apache/maven/surefire/surefire-junit4/2.21.0/surefire-junit4-2.21.0.pom (3.1 kB at 19 kB/s)
[INFO] Downloading from central: https://repo.maven.apache.org/maven2/org/apache/maven/surefire/surefire-providers/2.21.0/surefire-providers-2.21.0.pom
[INFO] Downloaded from central: https://repo.maven.apache.org/maven2/org/apache/maven/surefire/surefire-providers/2.21.0/surefire-providers-2.21.0.pom (2.5 kB at 21 kB/s)
[INFO] Downloading from central: https://repo.maven.apache.org/maven2/org/apache/maven/surefire/surefire-junit4/2.21.0/surefire-junit4-2.21.0.jar
[INFO] Downloaded from central: https://repo.maven.apache.org/maven2/org/apache/maven/surefire/surefire-junit4/2.21.0/surefire-junit4-2.21.0.jar (85 kB at 600 kB/s)
[INFO] Running com.amazonaws.s3.S3NativeClientTest
[WARNING] Tests run: 1, Failures: 0, Errors: 0, Skipped: 1, Time elapsed: 0.202 s - in com.amazonaws.s3.S3NativeClientTest
[INFO] Running software.amazon.awssdk.crt.test.ClientBootstrapTest
[INFO] Tests run: 1, Failures: 0, Errors: 0, Skipped: 0, Time elapsed: 0.169 s - in software.amazon.awssdk.crt.test.ClientBootstrapTest
[INFO] Running software.amazon.awssdk.crt.test.CrcTest
[INFO] Tests run: 12, Failures: 0, Errors: 0, Skipped: 0, Time elapsed: 0.579 s - in software.amazon.awssdk.crt.test.CrcTest
[INFO] Running software.amazon.awssdk.crt.test.CredentialsProviderTest
[WARNING] Tests run: 14, Failures: 0, Errors: 0, Skipped: 1, Time elapsed: 1.829 s - in software.amazon.awssdk.crt.test.CredentialsProviderTest
[INFO] Running software.amazon.awssdk.crt.test.EccKeyPairTest
[INFO] Tests run: 2, Failures: 0, Errors: 0, Skipped: 0, Time elapsed: 0.101 s - in software.amazon.awssdk.crt.test.EccKeyPairTest
[INFO] Running software.amazon.awssdk.crt.test.EventLoopGroupTest
[INFO] Tests run: 2, Failures: 0, Errors: 0, Skipped: 0, Time elapsed: 0.098 s - in software.amazon.awssdk.crt.test.EventLoopGroupTest
[INFO] Running software.amazon.awssdk.crt.test.EventStreamClientConnectionTest
[INFO] Tests run: 5, Failures: 0, Errors: 0, Skipped: 0, Time elapsed: 5.448 s - in software.amazon.awssdk.crt.test.EventStreamClientConnectionTest
[INFO] Running software.amazon.awssdk.crt.test.EventStreamHeaderTest
[INFO] Tests run: 21, Failures: 0, Errors: 0, Skipped: 0, Time elapsed: 0.951 s - in software.amazon.awssdk.crt.test.EventStreamHeaderTest
[INFO] Running software.amazon.awssdk.crt.test.HttpClientConnectionManagerTest
[INFO] Tests run: 3, Failures: 0, Errors: 0, Skipped: 0, Time elapsed: 76.413 s - in software.amazon.awssdk.crt.test.HttpClientConnectionManagerTest
[INFO] Running software.amazon.awssdk.crt.test.HttpClientConnectionTest
[INFO] Tests run: 2, Failures: 0, Errors: 0, Skipped: 0, Time elapsed: 5.358 s - in software.amazon.awssdk.crt.test.HttpClientConnectionTest
[INFO] Running software.amazon.awssdk.crt.test.HttpRequestResponseTest
[INFO] Tests run: 10, Failures: 0, Errors: 0, Skipped: 0, Time elapsed: 44.668 s - in software.amazon.awssdk.crt.test.HttpRequestResponseTest
[INFO] Running software.amazon.awssdk.crt.test.IotServiceTest
[WARNING] Tests run: 1, Failures: 0, Errors: 0, Skipped: 1, Time elapsed: 0.072 s - in software.amazon.awssdk.crt.test.IotServiceTest
[INFO] Running software.amazon.awssdk.crt.test.JniExceptionTest
[INFO] Tests run: 2, Failures: 0, Errors: 0, Skipped: 0, Time elapsed: 0.108 s - in software.amazon.awssdk.crt.test.JniExceptionTest
[INFO] Running software.amazon.awssdk.crt.test.MqttClientConnectionTest
[WARNING] Tests run: 1, Failures: 0, Errors: 0, Skipped: 1, Time elapsed: 0.057 s - in software.amazon.awssdk.crt.test.MqttClientConnectionTest
[INFO] Running software.amazon.awssdk.crt.test.PackageInfoTest
[INFO] Tests run: 1, Failures: 0, Errors: 0, Skipped: 0, Time elapsed: 0.063 s - in software.amazon.awssdk.crt.test.PackageInfoTest
[INFO] Running software.amazon.awssdk.crt.test.Pkcs11LibTest
[WARNING] Tests run: 3, Failures: 0, Errors: 0, Skipped: 3, Time elapsed: 0.167 s - in software.amazon.awssdk.crt.test.Pkcs11LibTest
[INFO] Running software.amazon.awssdk.crt.test.ProcessTest
[INFO] Tests run: 3, Failures: 0, Errors: 0, Skipped: 0, Time elapsed: 0.159 s - in software.amazon.awssdk.crt.test.ProcessTest
[INFO] Running software.amazon.awssdk.crt.test.ProxyTest
[WARNING] Tests run: 17, Failures: 0, Errors: 0, Skipped: 17, Time elapsed: 0.845 s - in software.amazon.awssdk.crt.test.ProxyTest
[INFO] Running software.amazon.awssdk.crt.test.PublishTest
[WARNING] Tests run: 3, Failures: 0, Errors: 0, Skipped: 3, Time elapsed: 0.214 s - in software.amazon.awssdk.crt.test.PublishTest
[INFO] Running software.amazon.awssdk.crt.test.S3ClientTest
[ERROR] Tests run: 8, Failures: 1, Errors: 0, Skipped: 2, Time elapsed: 9.868 s <<< FAILURE! - in software.amazon.awssdk.crt.test.S3ClientTest
[ERROR] testS3Put(software.amazon.awssdk.crt.test.S3ClientTest)  Time elapsed: 4.16 s  <<< FAILURE!
java.lang.AssertionError: software.amazon.awssdk.crt.s3.CrtS3RuntimeException: Invalid response status from request AWS_ERROR_S3_INVALID_RESPONSE_STATUS(14343)
	at software.amazon.awssdk.crt.test.S3ClientTest.testS3Put(S3ClientTest.java:298)

[INFO] Running software.amazon.awssdk.crt.test.SelfPubSubTest
[WARNING] Tests run: 2, Failures: 0, Errors: 0, Skipped: 2, Time elapsed: 0.131 s - in software.amazon.awssdk.crt.test.SelfPubSubTest
[INFO] Running software.amazon.awssdk.crt.test.ServerBootstrapTest
[INFO] Tests run: 1, Failures: 0, Errors: 0, Skipped: 0, Time elapsed: 0.071 s - in software.amazon.awssdk.crt.test.ServerBootstrapTest
[INFO] Running software.amazon.awssdk.crt.test.ServerListenerTest
[INFO] Tests run: 5, Failures: 0, Errors: 0, Skipped: 0, Time elapsed: 0.338 s - in software.amazon.awssdk.crt.test.ServerListenerTest
[INFO] Running software.amazon.awssdk.crt.test.SigningTest
[INFO] Tests run: 10, Failures: 0, Errors: 0, Skipped: 0, Time elapsed: 0.642 s - in software.amazon.awssdk.crt.test.SigningTest
[INFO] Running software.amazon.awssdk.crt.test.StringUtilsTest
[INFO] Tests run: 1, Failures: 0, Errors: 0, Skipped: 0, Time elapsed: 0.012 s - in software.amazon.awssdk.crt.test.StringUtilsTest
[INFO] Running software.amazon.awssdk.crt.test.SubscribeTest
[WARNING] Tests run: 1, Failures: 0, Errors: 0, Skipped: 1, Time elapsed: 0.063 s - in software.amazon.awssdk.crt.test.SubscribeTest
[INFO] Running software.amazon.awssdk.crt.test.SystemInfoTest
Found Cpu 0 in group 0. Suspected hyper-thread? no
Found Cpu 1 in group 0. Suspected hyper-thread? no
Found Cpu 2 in group 0. Suspected hyper-thread? no
Found Cpu 3 in group 0. Suspected hyper-thread? no
Found Cpu 4 in group 0. Suspected hyper-thread? yes
Found Cpu 5 in group 0. Suspected hyper-thread? yes
Found Cpu 6 in group 0. Suspected hyper-thread? yes
Found Cpu 7 in group 0. Suspected hyper-thread? yes
[INFO] Tests run: 1, Failures: 0, Errors: 0, Skipped: 0, Time elapsed: 0.069 s - in software.amazon.awssdk.crt.test.SystemInfoTest
[INFO] Running software.amazon.awssdk.crt.test.TlsContextOptionsTest
[WARNING] Tests run: 8, Failures: 0, Errors: 0, Skipped: 3, Time elapsed: 0.864 s - in software.amazon.awssdk.crt.test.TlsContextOptionsTest
[INFO] Running software.amazon.awssdk.crt.test.UriTest
[INFO] Tests run: 4, Failures: 0, Errors: 0, Skipped: 0, Time elapsed: 0.019 s - in software.amazon.awssdk.crt.test.UriTest
[INFO] Running software.amazon.awssdk.crt.test.WillTest
[WARNING] Tests run: 3, Failures: 0, Errors: 0, Skipped: 3, Time elapsed: 0.201 s - in software.amazon.awssdk.crt.test.WillTest
[INFO] 
[INFO] Results:
[INFO] 
[ERROR] Failures: 
[ERROR]   S3ClientTest.testS3Put:298 software.amazon.awssdk.crt.s3.CrtS3RuntimeException: Invalid response status from request AWS_ERROR_S3_INVALID_RESPONSE_STATUS(14343)
[INFO] 
[ERROR] Tests run: 148, Failures: 1, Errors: 0, Skipped: 38
[INFO] 
[INFO] ------------------------------------------------------------------------
[INFO] BUILD FAILURE
[INFO] ------------------------------------------------------------------------
[INFO] Total time:  03:34 min
[INFO] Finished at: 2021-12-21T02:03:07-05:00
[INFO] ------------------------------------------------------------------------
[ERROR] Failed to execute goal org.apache.maven.plugins:maven-surefire-plugin:2.21.0:test (default-test) on project aws-crt: There are test failures.
[ERROR] 
[ERROR] Please refer to /Users/musatkd/dev/aws-crt-builder/aws-crt-java/target/surefire-reports for the individual test results.
[ERROR] Please refer to dump files (if any exist) [date]-jvmRun[N].dump, [date].dumpstream and [date]-jvmRun[N].dumpstream.
[ERROR] -> [Help 1]
[ERROR] 
[ERROR] To see the full stack trace of the errors, re-run Maven with the -e switch.
[ERROR] Re-run Maven using the -X switch to enable full debug logging.
[ERROR] 
[ERROR] For more information about the errors and possible solutions, please read the following articles:
[ERROR] [Help 1] http://cwiki.apache.org/confluence/display/MAVEN/MojoFailureException
[ERROR] [2021-12-21T07:00:38Z] [000000030e41a000] [AuthCredentialsProvider] - static: Profile credentials provider could not load a profile at default.
[ERROR] [2021-12-21T07:00:39Z] [000000030e41a000] [http-connection] - static: Invalid connection options, empty host name.
[ERROR] [2021-12-21T07:00:39Z] [000000030e41a000] [connection-manager] - id=0x7f864050e760: http connection creation failed with error code 34(An invalid argument was passed to a function.)
[ERROR] [2021-12-21T07:00:39Z] [000000030e41a000] [AuthCredentialsProvider] - Failed to parse document as Json document.
[ERROR] [2021-12-21T07:00:40Z] [000000030e41a000] [AuthCredentialsProvider] - Failed to resolve role arn during sts web identity provider initialization.
[ERROR] [2021-12-21T07:03:03Z] [00000003290d3000] [S3MetaRequest] - id=0x7f86406fa820 Meta request cannot recover from error 14343 (Invalid response status from request). (request=0x7f866040c590, response status=403)
[ERROR] [2021-12-21T07:03:03Z] [00000003290d3000] [tls-handler] - id=0x7f8645a0e530: error reported during SSLRead. OSStatus code -9805
S_AUTH_SIGNING_ILLEGAL_REQUEST_HEADER, Attempt to sign an http request that includes a header that signing may add)
Running: aws-crt-java-test
> exit 1
Failed to run exit 1: Command exited with code 1:

Command failed, exiting
